#
# There is insufficient memory for the Java Runtime Environment to continue.
# Native memory allocation (malloc) failed to allocate 1589968 bytes. Error detail: Chunk::new
# Possible reasons:
#   The system is out of physical RAM or swap space
#   This process is running with CompressedOops enabled, and the Java Heap may be blocking the growth of the native heap
# Possible solutions:
#   Reduce memory load on the system
#   Increase physical memory or swap space
#   Check if swap backing store is full
#   Decrease Java heap size (-Xmx/-Xms)
#   Decrease number of Java threads
#   Decrease Java thread stack sizes (-Xss)
#   Set larger code cache with -XX:ReservedCodeCacheSize=
#   JVM is running with Unscaled Compressed Oops mode in which the Java heap is
#     placed in the first 4GB address space. The Java Heap base address is the
#     maximum limit for the native heap growth. Please use -XX:HeapBaseMinAddress
#     to set the Java Heap base and to place the Java Heap above 4GB virtual address.
# This output file may be truncated or incomplete.
#
#  Out of Memory Error (arena.cpp:162), pid=3284, tid=9900
#
# JRE version: OpenJDK Runtime Environment (24.0.1+9) (build 24.0.1+9-30)
# Java VM: OpenJDK 64-Bit Server VM (24.0.1+9-30, mixed mode, sharing, tiered, compressed oops, compressed class ptrs, g1 gc, windows-amd64)
# No core dump will be written. Minidumps are not enabled by default on client versions of Windows
#

---------------  S U M M A R Y ------------

Command Line: --add-opens=java.base/java.lang=ALL-UNNAMED --add-opens=java.base/java.lang.invoke=ALL-UNNAMED --add-opens=java.base/java.util=ALL-UNNAMED --add-opens=java.prefs/java.util.prefs=ALL-UNNAMED --add-exports=jdk.compiler/com.sun.tools.javac.api=ALL-UNNAMED --add-exports=jdk.compiler/com.sun.tools.javac.util=ALL-UNNAMED --add-opens=java.base/java.util=ALL-UNNAMED --add-opens=java.prefs/java.util.prefs=ALL-UNNAMED --add-opens=java.base/java.nio.charset=ALL-UNNAMED --add-opens=java.base/java.net=ALL-UNNAMED --add-opens=java.base/java.util.concurrent.atomic=ALL-UNNAMED --add-opens=java.xml/javax.xml.namespace=ALL-UNNAMED --enable-native-access=ALL-UNNAMED -XX:MaxMetaspaceSize=384m -XX:+HeapDumpOnOutOfMemoryError -Xms256m -Xmx512m -Dfile.encoding=UTF-8 -Duser.country=PE -Duser.language=es -Duser.variant -javaagent:C:\Users\Laptop\.gradle\wrapper\dists\gradle-8.14.3-bin\cv11ve7ro1n3o1j4so8xd9n66\gradle-8.14.3\lib\agents\gradle-instrumentation-agent-8.14.3.jar org.gradle.launcher.daemon.bootstrap.GradleDaemon 8.14.3

Host: Intel(R) Core(TM) i7-8665U CPU @ 1.90GHz, 8 cores, 7G,  Windows 10 , 64 bit Build 19041 (10.0.19041.5915)
Time: Thu Nov 20 07:57:42 2025 Hora est. Pacífico, Sudamérica elapsed time: 7.420476 seconds (0d 0h 0m 7s)

---------------  T H R E A D  ---------------

Current thread (0x000001fa4a0415c0):  JavaThread "C2 CompilerThread0" daemon [_thread_in_native, id=9900, stack(0x0000008f1ea00000,0x0000008f1eb00000) (1024K)]


Current CompileTask:
C2:7420 4520       4       jdk.internal.jimage.ImageLocation::getAttributeString (54 bytes)

Stack: [0x0000008f1ea00000,0x0000008f1eb00000]
Native frames: (J=compiled Java code, j=interpreted, Vv=VM code, C=native code)
V  [jvm.dll+0x730739]  (no source info available)
V  [jvm.dll+0x8d9b23]  (no source info available)
V  [jvm.dll+0x8dc00d]  (no source info available)
V  [jvm.dll+0x8dc683]  (no source info available)
V  [jvm.dll+0x2aa086]  (no source info available)
V  [jvm.dll+0xcedef]  (no source info available)
V  [jvm.dll+0xcf04f]  (no source info available)
V  [jvm.dll+0x154d83]  (no source info available)
V  [jvm.dll+0x735f5f]  (no source info available)
V  [jvm.dll+0x26fa1c]  (no source info available)
V  [jvm.dll+0x26ea3f]  (no source info available)
V  [jvm.dll+0x1e9d60]  (no source info available)
V  [jvm.dll+0x27e1fb]  (no source info available)
V  [jvm.dll+0x27c49a]  (no source info available)
V  [jvm.dll+0x42f456]  (no source info available)
V  [jvm.dll+0x87d76b]  (no source info available)
V  [jvm.dll+0x72ee55]  (no source info available)
C  [ucrtbase.dll+0x21bb2]  (no source info available)
C  [KERNEL32.DLL+0x17374]  (no source info available)
C  [ntdll.dll+0x4cc91]  (no source info available)

Lock stack of current Java thread (top to bottom):


---------------  P R O C E S S  ---------------

Threads class SMR info:
_java_thread_list=0x000001fa4c37e6f0, length=36, elements={
0x000001fa15df65d0, 0x000001fa4a006120, 0x000001fa4a006960, 0x000001fa4a009fc0,
0x000001fa4a00aaf0, 0x000001fa4a015990, 0x000001fa4a0368e0, 0x000001fa4a0415c0,
0x000001fa4a042140, 0x000001fa4a23e330, 0x000001fa4a2b5410, 0x000001fa4ba5ab10,
0x000001fa4bd72a00, 0x000001fa4bed3140, 0x000001fa4bec8010, 0x000001fa4bc77ab0,
0x000001fa4bc74ed0, 0x000001fa4bc76c10, 0x000001fa4bc764c0, 0x000001fa4bc75620,
0x000001fa4bc77360, 0x000001fa4bc78200, 0x000001fa4bc75d70, 0x000001fa4c657370,
0x000001fa4c651bb0, 0x000001fa4c654790, 0x000001fa4c654ee0, 0x000001fa4c654040,
0x000001fa4c652a50, 0x000001fa4c651460, 0x000001fa4c658210, 0x000001fa4c6564d0,
0x000001fa4c655d80, 0x000001fa4c655630, 0x000001fa4c658960, 0x000001fa4c652300
}

Java Threads: ( => current thread )
  0x000001fa15df65d0 JavaThread "main"                              [_thread_blocked, id=12808, stack(0x0000008f1dc00000,0x0000008f1dd00000) (1024K)]
  0x000001fa4a006120 JavaThread "Reference Handler"          daemon [_thread_blocked, id=7840, stack(0x0000008f1e400000,0x0000008f1e500000) (1024K)]
  0x000001fa4a006960 JavaThread "Finalizer"                  daemon [_thread_blocked, id=16360, stack(0x0000008f1e500000,0x0000008f1e600000) (1024K)]
  0x000001fa4a009fc0 JavaThread "Signal Dispatcher"          daemon [_thread_blocked, id=17204, stack(0x0000008f1e600000,0x0000008f1e700000) (1024K)]
  0x000001fa4a00aaf0 JavaThread "Attach Listener"            daemon [_thread_blocked, id=17104, stack(0x0000008f1e700000,0x0000008f1e800000) (1024K)]
  0x000001fa4a015990 JavaThread "Service Thread"             daemon [_thread_blocked, id=11784, stack(0x0000008f1e800000,0x0000008f1e900000) (1024K)]
  0x000001fa4a0368e0 JavaThread "Monitor Deflation Thread"   daemon [_thread_blocked, id=18640, stack(0x0000008f1e900000,0x0000008f1ea00000) (1024K)]
=>0x000001fa4a0415c0 JavaThread "C2 CompilerThread0"         daemon [_thread_in_native, id=9900, stack(0x0000008f1ea00000,0x0000008f1eb00000) (1024K)]
  0x000001fa4a042140 JavaThread "C1 CompilerThread0"         daemon [_thread_blocked, id=824, stack(0x0000008f1eb00000,0x0000008f1ec00000) (1024K)]
  0x000001fa4a23e330 JavaThread "Common-Cleaner"             daemon [_thread_blocked, id=19960, stack(0x0000008f1ec00000,0x0000008f1ed00000) (1024K)]
  0x000001fa4a2b5410 JavaThread "Notification Thread"        daemon [_thread_blocked, id=17220, stack(0x0000008f1ed00000,0x0000008f1ee00000) (1024K)]
  0x000001fa4ba5ab10 JavaThread "Daemon health stats"               [_thread_blocked, id=5584, stack(0x0000008f1f400000,0x0000008f1f500000) (1024K)]
  0x000001fa4bd72a00 JavaThread "Incoming local TCP Connector on port 61072"        [_thread_in_native, id=11940, stack(0x0000008f1ee00000,0x0000008f1ef00000) (1024K)]
  0x000001fa4bed3140 JavaThread "Daemon periodic checks"            [_thread_blocked, id=16352, stack(0x0000008f1f500000,0x0000008f1f600000) (1024K)]
  0x000001fa4bec8010 JavaThread "Daemon"                            [_thread_blocked, id=18064, stack(0x0000008f1f700000,0x0000008f1f800000) (1024K)]
  0x000001fa4bc77ab0 JavaThread "Handler for socket connection from /127.0.0.1:61072 to /127.0.0.1:61073"        [_thread_in_native, id=16164, stack(0x0000008f1f800000,0x0000008f1f900000) (1024K)]
  0x000001fa4bc74ed0 JavaThread "Cancel handler"                    [_thread_blocked, id=6304, stack(0x0000008f1f900000,0x0000008f1fa00000) (1024K)]
  0x000001fa4bc76c10 JavaThread "Daemon worker"                     [_thread_in_vm, id=19680, stack(0x0000008f1fa00000,0x0000008f1fb00000) (1024K)]
  0x000001fa4bc764c0 JavaThread "Asynchronous log dispatcher for DefaultDaemonConnection: socket connection from /127.0.0.1:61072 to /127.0.0.1:61073"        [_thread_blocked, id=17316, stack(0x0000008f1fb00000,0x0000008f1fc00000) (1024K)]
  0x000001fa4bc75620 JavaThread "Stdin handler"                     [_thread_blocked, id=17824, stack(0x0000008f1fc00000,0x0000008f1fd00000) (1024K)]
  0x000001fa4bc77360 JavaThread "Daemon client event forwarder"        [_thread_blocked, id=4864, stack(0x0000008f1fd00000,0x0000008f1fe00000) (1024K)]
  0x000001fa4bc78200 JavaThread "Cache worker for journal cache (C:\Users\Laptop\.gradle\caches\journal-1)"        [_thread_blocked, id=19996, stack(0x0000008f1fe00000,0x0000008f1ff00000) (1024K)]
  0x000001fa4bc75d70 JavaThread "File lock request listener"        [_thread_in_native, id=9044, stack(0x0000008f20100000,0x0000008f20200000) (1024K)]
  0x000001fa4c657370 JavaThread "Cache worker for file hash cache (C:\Users\Laptop\.gradle\caches\8.14.3\fileHashes)"        [_thread_blocked, id=20376, stack(0x0000008f20200000,0x0000008f20300000) (1024K)]
  0x000001fa4c651bb0 JavaThread "Cache worker for file hash cache (C:\Users\Laptop\IdeaProjects\moviles\.gradle\8.14.3\fileHashes)"        [_thread_blocked, id=11396, stack(0x0000008f20400000,0x0000008f20500000) (1024K)]
  0x000001fa4c654790 JavaThread "Cache worker for Build Output Cleanup Cache (C:\Users\Laptop\IdeaProjects\moviles\.gradle\buildOutputCleanup)"        [_thread_blocked, id=15404, stack(0x0000008f20500000,0x0000008f20600000) (1024K)]
  0x000001fa4c654ee0 JavaThread "File watcher server"        daemon [_thread_in_native, id=4216, stack(0x0000008f20600000,0x0000008f20700000) (1024K)]
  0x000001fa4c654040 JavaThread "File watcher consumer"      daemon [_thread_blocked, id=19924, stack(0x0000008f20700000,0x0000008f20800000) (1024K)]
  0x000001fa4c652a50 JavaThread "jar transforms"                    [_thread_blocked, id=1028, stack(0x0000008f20800000,0x0000008f20900000) (1024K)]
  0x000001fa4c651460 JavaThread "jar transforms Thread 2"           [_thread_blocked, id=3648, stack(0x0000008f20900000,0x0000008f20a00000) (1024K)]
  0x000001fa4c658210 JavaThread "jar transforms Thread 3"           [_thread_blocked, id=18648, stack(0x0000008f20a00000,0x0000008f20b00000) (1024K)]
  0x000001fa4c6564d0 JavaThread "jar transforms Thread 4"           [_thread_blocked, id=16888, stack(0x0000008f20b00000,0x0000008f20c00000) (1024K)]
  0x000001fa4c655d80 JavaThread "jar transforms Thread 5"           [_thread_blocked, id=14184, stack(0x0000008f20c00000,0x0000008f20d00000) (1024K)]
  0x000001fa4c655630 JavaThread "jar transforms Thread 6"           [_thread_blocked, id=16452, stack(0x0000008f20d00000,0x0000008f20e00000) (1024K)]
  0x000001fa4c658960 JavaThread "jar transforms Thread 7"           [_thread_blocked, id=12688, stack(0x0000008f20e00000,0x0000008f20f00000) (1024K)]
  0x000001fa4c652300 JavaThread "jar transforms Thread 8"           [_thread_blocked, id=9352, stack(0x0000008f20f00000,0x0000008f21000000) (1024K)]
Total: 36

Other Threads:
  0x000001fa30f55850 VMThread "VM Thread"                           [id=4912, stack(0x0000008f1e300000,0x0000008f1e400000) (1024K)]
  0x000001fa30e20210 WatcherThread "VM Periodic Task Thread"        [id=9568, stack(0x0000008f1e200000,0x0000008f1e300000) (1024K)]
  0x000001fa15e21b30 WorkerThread "GC Thread#0"                     [id=7028, stack(0x0000008f1dd00000,0x0000008f1de00000) (1024K)]
  0x000001fa4b1049a0 WorkerThread "GC Thread#1"                     [id=15696, stack(0x0000008f1ef00000,0x0000008f1f000000) (1024K)]
  0x000001fa4b0e1960 WorkerThread "GC Thread#2"                     [id=19712, stack(0x0000008f1f000000,0x0000008f1f100000) (1024K)]
  0x000001fa4b222ab0 WorkerThread "GC Thread#3"                     [id=13444, stack(0x0000008f1f100000,0x0000008f1f200000) (1024K)]
  0x000001fa4b222e60 WorkerThread "GC Thread#4"                     [id=19756, stack(0x0000008f1f200000,0x0000008f1f300000) (1024K)]
  0x000001fa4b223210 WorkerThread "GC Thread#5"                     [id=9072, stack(0x0000008f1f300000,0x0000008f1f400000) (1024K)]
  0x000001fa4bc850a0 WorkerThread "GC Thread#6"                     [id=18320, stack(0x0000008f1ff00000,0x0000008f20000000) (1024K)]
  0x000001fa4bc85450 WorkerThread "GC Thread#7"                     [id=10916, stack(0x0000008f20000000,0x0000008f20100000) (1024K)]
  0x000001fa15e27930 ConcurrentGCThread "G1 Main Marker"            [id=2660, stack(0x0000008f1de00000,0x0000008f1df00000) (1024K)]
  0x000001fa15e281f0 WorkerThread "G1 Conc#0"                       [id=1116, stack(0x0000008f1df00000,0x0000008f1e000000) (1024K)]
  0x000001fa4bc84cf0 WorkerThread "G1 Conc#1"                       [id=1820, stack(0x0000008f20300000,0x0000008f20400000) (1024K)]
  0x000001fa30e15a50 ConcurrentGCThread "G1 Refine#0"               [id=18904, stack(0x0000008f1e000000,0x0000008f1e100000) (1024K)]
  0x000001fa30e16280 ConcurrentGCThread "G1 Service"                [id=5788, stack(0x0000008f1e100000,0x0000008f1e200000) (1024K)]
Total: 15

Threads with active compile tasks:
C2 CompilerThread0  7565 4520       4       jdk.internal.jimage.ImageLocation::getAttributeString (54 bytes)
Total: 1

VM state: not at safepoint (normal execution)

VM Mutex/Monitor currently owned by a thread: None

Heap address: 0x00000000e0000000, size: 512 MB, Compressed Oops mode: 32-bit

CDS archive(s) mapped at: [0x000001fa31000000-0x000001fa31d40000-0x000001fa31d40000), size 13893632, SharedBaseAddress: 0x000001fa31000000, ArchiveRelocationMode: 1.
Compressed class space mapped at: 0x000001fa32000000-0x000001fa46000000, reserved size: 335544320
UseCompressedClassPointers 1, UseCompactObjectHeaders 0
Narrow klass pointer bits 32, Max shift 3
Narrow klass base: 0x000001fa31000000, Narrow klass shift: 0
Encoding Range: [0x000001fa31000000 - 0x000001fb31000000), (4294967296 bytes)
Klass Range:    [0x000001fa31000000 - 0x000001fa46000000), (352321536 bytes)
Klass ID Range:  [8 - 352321529) (352321521)

GC Precious Log:
 CardTable entry size: 512
 Card Set container configuration: InlinePtr #cards 5 size 8 Array Of Cards #cards 10 size 36 Howl #buckets 4 coarsen threshold 1843 Howl Bitmap #cards 512 size 80 coarsen threshold 460 Card regions per heap region 1 cards per card region 2048
 CPUs: 8 total, 8 available
 Memory: 8006M
 Large Page Support: Disabled
 NUMA Support: Disabled
 Compressed Oops: Enabled (32-bit)
 Heap Region Size: 1M
 Heap Min Capacity: 256M
 Heap Initial Capacity: 256M
 Heap Max Capacity: 512M
 Pre-touch: Disabled
 Parallel Workers: 8
 Concurrent Workers: 2
 Concurrent Refinement Workers: 8
 Periodic GC: Disabled

Heap:
 garbage-first heap   total reserved 524288K, committed 262144K, used 172760K [0x00000000e0000000, 0x0000000100000000)
  region size 1024K, 133 young (136192K), 13 survivors (13312K)
 Metaspace       used 34717K, committed 35776K, reserved 393216K
  class space    used 3822K, committed 4288K, reserved 327680K

Heap Regions: E=young(eden), S=young(survivor), O=old, HS=humongous(starts), HC=humongous(continues), CS=collection set, F=free, TAMS=top-at-mark-start, PB=parsable bottom
|   0|0x00000000e0000000, 0x00000000e0100000, 0x00000000e0100000|100%|HS|  |TAMS 0x00000000e0000000| PB 0x00000000e0000000| Complete |  0
|   1|0x00000000e0100000, 0x00000000e0200000, 0x00000000e0200000|100%|HC|  |TAMS 0x00000000e0100000| PB 0x00000000e0100000| Complete |  0
|   2|0x00000000e0200000, 0x00000000e0300000, 0x00000000e0300000|100%|HC|  |TAMS 0x00000000e0200000| PB 0x00000000e0200000| Complete |  0
|   3|0x00000000e0300000, 0x00000000e0400000, 0x00000000e0400000|100%| O|  |TAMS 0x00000000e0300000| PB 0x00000000e0300000| Untracked |  0
|   4|0x00000000e0400000, 0x00000000e0500000, 0x00000000e0500000|100%| O|  |TAMS 0x00000000e0400000| PB 0x00000000e0400000| Untracked |  0
|   5|0x00000000e0500000, 0x00000000e0600000, 0x00000000e0600000|100%|HS|  |TAMS 0x00000000e0500000| PB 0x00000000e0500000| Complete |  0
|   6|0x00000000e0600000, 0x00000000e0700000, 0x00000000e0700000|100%| O|  |TAMS 0x00000000e0600000| PB 0x00000000e0600000| Untracked |  0
|   7|0x00000000e0700000, 0x00000000e0800000, 0x00000000e0800000|100%| O|  |TAMS 0x00000000e0700000| PB 0x00000000e0700000| Untracked |  0
|   8|0x00000000e0800000, 0x00000000e0900000, 0x00000000e0900000|100%| O|  |TAMS 0x00000000e0800000| PB 0x00000000e0800000| Untracked |  0
|   9|0x00000000e0900000, 0x00000000e0a00000, 0x00000000e0a00000|100%| O|  |TAMS 0x00000000e0900000| PB 0x00000000e0900000| Untracked |  0
|  10|0x00000000e0a00000, 0x00000000e0b00000, 0x00000000e0b00000|100%| O|  |TAMS 0x00000000e0a00000| PB 0x00000000e0a00000| Untracked |  0
|  11|0x00000000e0b00000, 0x00000000e0b2e7c0, 0x00000000e0c00000| 18%| O|  |TAMS 0x00000000e0b00000| PB 0x00000000e0b00000| Untracked |  0
|  12|0x00000000e0c00000, 0x00000000e0d00000, 0x00000000e0d00000|100%|HS|  |TAMS 0x00000000e0c00000| PB 0x00000000e0c00000| Complete |  0
|  13|0x00000000e0d00000, 0x00000000e0e00000, 0x00000000e0e00000|100%|HC|  |TAMS 0x00000000e0d00000| PB 0x00000000e0d00000| Complete |  0
|  14|0x00000000e0e00000, 0x00000000e0f00000, 0x00000000e0f00000|100%|HC|  |TAMS 0x00000000e0e00000| PB 0x00000000e0e00000| Complete |  0
|  15|0x00000000e0f00000, 0x00000000e1000000, 0x00000000e1000000|100%|HC|  |TAMS 0x00000000e0f00000| PB 0x00000000e0f00000| Complete |  0
|  16|0x00000000e1000000, 0x00000000e1100000, 0x00000000e1100000|100%|HC|  |TAMS 0x00000000e1000000| PB 0x00000000e1000000| Complete |  0
|  17|0x00000000e1100000, 0x00000000e1200000, 0x00000000e1200000|100%|HC|  |TAMS 0x00000000e1100000| PB 0x00000000e1100000| Complete |  0
|  18|0x00000000e1200000, 0x00000000e1300000, 0x00000000e1300000|100%|HS|  |TAMS 0x00000000e1200000| PB 0x00000000e1200000| Complete |  0
|  19|0x00000000e1300000, 0x00000000e1400000, 0x00000000e1400000|100%|HS|  |TAMS 0x00000000e1300000| PB 0x00000000e1300000| Complete |  0
|  20|0x00000000e1400000, 0x00000000e1500000, 0x00000000e1500000|100%|HC|  |TAMS 0x00000000e1400000| PB 0x00000000e1400000| Complete |  0
|  21|0x00000000e1500000, 0x00000000e1600000, 0x00000000e1600000|100%|HS|  |TAMS 0x00000000e1500000| PB 0x00000000e1500000| Complete |  0
|  22|0x00000000e1600000, 0x00000000e1700000, 0x00000000e1700000|100%|HS|  |TAMS 0x00000000e1600000| PB 0x00000000e1600000| Complete |  0
|  23|0x00000000e1700000, 0x00000000e1800000, 0x00000000e1800000|100%|HC|  |TAMS 0x00000000e1700000| PB 0x00000000e1700000| Complete |  0
|  24|0x00000000e1800000, 0x00000000e1900000, 0x00000000e1900000|100%|HC|  |TAMS 0x00000000e1800000| PB 0x00000000e1800000| Complete |  0
|  25|0x00000000e1900000, 0x00000000e1a00000, 0x00000000e1a00000|100%|HS|  |TAMS 0x00000000e1900000| PB 0x00000000e1900000| Complete |  0
|  26|0x00000000e1a00000, 0x00000000e1b00000, 0x00000000e1b00000|100%|HC|  |TAMS 0x00000000e1a00000| PB 0x00000000e1a00000| Complete |  0
|  27|0x00000000e1b00000, 0x00000000e1c00000, 0x00000000e1c00000|100%|HC|  |TAMS 0x00000000e1b00000| PB 0x00000000e1b00000| Complete |  0
|  28|0x00000000e1c00000, 0x00000000e1d00000, 0x00000000e1d00000|100%|HC|  |TAMS 0x00000000e1c00000| PB 0x00000000e1c00000| Complete |  0
|  29|0x00000000e1d00000, 0x00000000e1e00000, 0x00000000e1e00000|100%|HC|  |TAMS 0x00000000e1d00000| PB 0x00000000e1d00000| Complete |  0
|  30|0x00000000e1e00000, 0x00000000e1f00000, 0x00000000e1f00000|100%|HC|  |TAMS 0x00000000e1e00000| PB 0x00000000e1e00000| Complete |  0
|  31|0x00000000e1f00000, 0x00000000e2000000, 0x00000000e2000000|100%|HS|  |TAMS 0x00000000e1f00000| PB 0x00000000e1f00000| Complete |  0
|  32|0x00000000e2000000, 0x00000000e2100000, 0x00000000e2100000|100%|HS|  |TAMS 0x00000000e2000000| PB 0x00000000e2000000| Complete |  0
|  33|0x00000000e2100000, 0x00000000e2200000, 0x00000000e2200000|100%|HC|  |TAMS 0x00000000e2100000| PB 0x00000000e2100000| Complete |  0
|  34|0x00000000e2200000, 0x00000000e2300000, 0x00000000e2300000|100%|HS|  |TAMS 0x00000000e2200000| PB 0x00000000e2200000| Complete |  0
|  35|0x00000000e2300000, 0x00000000e2400000, 0x00000000e2400000|100%|HS|  |TAMS 0x00000000e2300000| PB 0x00000000e2300000| Complete |  0
|  36|0x00000000e2400000, 0x00000000e2500000, 0x00000000e2500000|100%|HC|  |TAMS 0x00000000e2400000| PB 0x00000000e2400000| Complete |  0
|  37|0x00000000e2500000, 0x00000000e2600000, 0x00000000e2600000|100%|HC|  |TAMS 0x00000000e2500000| PB 0x00000000e2500000| Complete |  0
|  38|0x00000000e2600000, 0x00000000e2600000, 0x00000000e2700000|  0%| F|  |TAMS 0x00000000e2600000| PB 0x00000000e2600000| Untracked |  0
|  39|0x00000000e2700000, 0x00000000e2700000, 0x00000000e2800000|  0%| F|  |TAMS 0x00000000e2700000| PB 0x00000000e2700000| Untracked |  0
|  40|0x00000000e2800000, 0x00000000e2800000, 0x00000000e2900000|  0%| F|  |TAMS 0x00000000e2800000| PB 0x00000000e2800000| Untracked |  0
|  41|0x00000000e2900000, 0x00000000e2900000, 0x00000000e2a00000|  0%| F|  |TAMS 0x00000000e2900000| PB 0x00000000e2900000| Untracked |  0
|  42|0x00000000e2a00000, 0x00000000e2a00000, 0x00000000e2b00000|  0%| F|  |TAMS 0x00000000e2a00000| PB 0x00000000e2a00000| Untracked |  0
|  43|0x00000000e2b00000, 0x00000000e2b00000, 0x00000000e2c00000|  0%| F|  |TAMS 0x00000000e2b00000| PB 0x00000000e2b00000| Untracked |  0
|  44|0x00000000e2c00000, 0x00000000e2c00000, 0x00000000e2d00000|  0%| F|  |TAMS 0x00000000e2c00000| PB 0x00000000e2c00000| Untracked |  0
|  45|0x00000000e2d00000, 0x00000000e2d00000, 0x00000000e2e00000|  0%| F|  |TAMS 0x00000000e2d00000| PB 0x00000000e2d00000| Untracked |  0
|  46|0x00000000e2e00000, 0x00000000e2e00000, 0x00000000e2f00000|  0%| F|  |TAMS 0x00000000e2e00000| PB 0x00000000e2e00000| Untracked |  0
|  47|0x00000000e2f00000, 0x00000000e2f00000, 0x00000000e3000000|  0%| F|  |TAMS 0x00000000e2f00000| PB 0x00000000e2f00000| Untracked |  0
|  48|0x00000000e3000000, 0x00000000e3000000, 0x00000000e3100000|  0%| F|  |TAMS 0x00000000e3000000| PB 0x00000000e3000000| Untracked |  0
|  49|0x00000000e3100000, 0x00000000e3100000, 0x00000000e3200000|  0%| F|  |TAMS 0x00000000e3100000| PB 0x00000000e3100000| Untracked |  0
|  50|0x00000000e3200000, 0x00000000e3200000, 0x00000000e3300000|  0%| F|  |TAMS 0x00000000e3200000| PB 0x00000000e3200000| Untracked |  0
|  51|0x00000000e3300000, 0x00000000e3300000, 0x00000000e3400000|  0%| F|  |TAMS 0x00000000e3300000| PB 0x00000000e3300000| Untracked |  0
|  52|0x00000000e3400000, 0x00000000e3400000, 0x00000000e3500000|  0%| F|  |TAMS 0x00000000e3400000| PB 0x00000000e3400000| Untracked |  0
|  53|0x00000000e3500000, 0x00000000e3500000, 0x00000000e3600000|  0%| F|  |TAMS 0x00000000e3500000| PB 0x00000000e3500000| Untracked |  0
|  54|0x00000000e3600000, 0x00000000e3600000, 0x00000000e3700000|  0%| F|  |TAMS 0x00000000e3600000| PB 0x00000000e3600000| Untracked |  0
|  55|0x00000000e3700000, 0x00000000e3700000, 0x00000000e3800000|  0%| F|  |TAMS 0x00000000e3700000| PB 0x00000000e3700000| Untracked |  0
|  56|0x00000000e3800000, 0x00000000e3800000, 0x00000000e3900000|  0%| F|  |TAMS 0x00000000e3800000| PB 0x00000000e3800000| Untracked |  0
|  57|0x00000000e3900000, 0x00000000e3900000, 0x00000000e3a00000|  0%| F|  |TAMS 0x00000000e3900000| PB 0x00000000e3900000| Untracked |  0
|  58|0x00000000e3a00000, 0x00000000e3a00000, 0x00000000e3b00000|  0%| F|  |TAMS 0x00000000e3a00000| PB 0x00000000e3a00000| Untracked |  0
|  59|0x00000000e3b00000, 0x00000000e3b00000, 0x00000000e3c00000|  0%| F|  |TAMS 0x00000000e3b00000| PB 0x00000000e3b00000| Untracked |  0
|  60|0x00000000e3c00000, 0x00000000e3c00000, 0x00000000e3d00000|  0%| F|  |TAMS 0x00000000e3c00000| PB 0x00000000e3c00000| Untracked |  0
|  61|0x00000000e3d00000, 0x00000000e3d00000, 0x00000000e3e00000|  0%| F|  |TAMS 0x00000000e3d00000| PB 0x00000000e3d00000| Untracked |  0
|  62|0x00000000e3e00000, 0x00000000e3e00000, 0x00000000e3f00000|  0%| F|  |TAMS 0x00000000e3e00000| PB 0x00000000e3e00000| Untracked |  0
|  63|0x00000000e3f00000, 0x00000000e3f00000, 0x00000000e4000000|  0%| F|  |TAMS 0x00000000e3f00000| PB 0x00000000e3f00000| Untracked |  0
|  64|0x00000000e4000000, 0x00000000e4000000, 0x00000000e4100000|  0%| F|  |TAMS 0x00000000e4000000| PB 0x00000000e4000000| Untracked |  0
|  65|0x00000000e4100000, 0x00000000e4100000, 0x00000000e4200000|  0%| F|  |TAMS 0x00000000e4100000| PB 0x00000000e4100000| Untracked |  0
|  66|0x00000000e4200000, 0x00000000e4200000, 0x00000000e4300000|  0%| F|  |TAMS 0x00000000e4200000| PB 0x00000000e4200000| Untracked |  0
|  67|0x00000000e4300000, 0x00000000e4300000, 0x00000000e4400000|  0%| F|  |TAMS 0x00000000e4300000| PB 0x00000000e4300000| Untracked |  0
|  68|0x00000000e4400000, 0x00000000e4400000, 0x00000000e4500000|  0%| F|  |TAMS 0x00000000e4400000| PB 0x00000000e4400000| Untracked |  0
|  69|0x00000000e4500000, 0x00000000e4500000, 0x00000000e4600000|  0%| F|  |TAMS 0x00000000e4500000| PB 0x00000000e4500000| Untracked |  0
|  70|0x00000000e4600000, 0x00000000e4600000, 0x00000000e4700000|  0%| F|  |TAMS 0x00000000e4600000| PB 0x00000000e4600000| Untracked |  0
|  71|0x00000000e4700000, 0x00000000e4700000, 0x00000000e4800000|  0%| F|  |TAMS 0x00000000e4700000| PB 0x00000000e4700000| Untracked |  0
|  72|0x00000000e4800000, 0x00000000e4800000, 0x00000000e4900000|  0%| F|  |TAMS 0x00000000e4800000| PB 0x00000000e4800000| Untracked |  0
|  73|0x00000000e4900000, 0x00000000e4900000, 0x00000000e4a00000|  0%| F|  |TAMS 0x00000000e4900000| PB 0x00000000e4900000| Untracked |  0
|  74|0x00000000e4a00000, 0x00000000e4a00000, 0x00000000e4b00000|  0%| F|  |TAMS 0x00000000e4a00000| PB 0x00000000e4a00000| Untracked |  0
|  75|0x00000000e4b00000, 0x00000000e4b00000, 0x00000000e4c00000|  0%| F|  |TAMS 0x00000000e4b00000| PB 0x00000000e4b00000| Untracked |  0
|  76|0x00000000e4c00000, 0x00000000e4c00000, 0x00000000e4d00000|  0%| F|  |TAMS 0x00000000e4c00000| PB 0x00000000e4c00000| Untracked |  0
|  77|0x00000000e4d00000, 0x00000000e4d00000, 0x00000000e4e00000|  0%| F|  |TAMS 0x00000000e4d00000| PB 0x00000000e4d00000| Untracked |  0
|  78|0x00000000e4e00000, 0x00000000e4e00000, 0x00000000e4f00000|  0%| F|  |TAMS 0x00000000e4e00000| PB 0x00000000e4e00000| Untracked |  0
|  79|0x00000000e4f00000, 0x00000000e4f00000, 0x00000000e5000000|  0%| F|  |TAMS 0x00000000e4f00000| PB 0x00000000e4f00000| Untracked |  0
|  80|0x00000000e5000000, 0x00000000e5000000, 0x00000000e5100000|  0%| F|  |TAMS 0x00000000e5000000| PB 0x00000000e5000000| Untracked |  0
|  81|0x00000000e5100000, 0x00000000e5100000, 0x00000000e5200000|  0%| F|  |TAMS 0x00000000e5100000| PB 0x00000000e5100000| Untracked |  0
|  82|0x00000000e5200000, 0x00000000e5200000, 0x00000000e5300000|  0%| F|  |TAMS 0x00000000e5200000| PB 0x00000000e5200000| Untracked |  0
|  83|0x00000000e5300000, 0x00000000e5300000, 0x00000000e5400000|  0%| F|  |TAMS 0x00000000e5300000| PB 0x00000000e5300000| Untracked |  0
|  84|0x00000000e5400000, 0x00000000e5400000, 0x00000000e5500000|  0%| F|  |TAMS 0x00000000e5400000| PB 0x00000000e5400000| Untracked |  0
|  85|0x00000000e5500000, 0x00000000e5500000, 0x00000000e5600000|  0%| F|  |TAMS 0x00000000e5500000| PB 0x00000000e5500000| Untracked |  0
|  86|0x00000000e5600000, 0x00000000e5600000, 0x00000000e5700000|  0%| F|  |TAMS 0x00000000e5600000| PB 0x00000000e5600000| Untracked |  0
|  87|0x00000000e5700000, 0x00000000e5700000, 0x00000000e5800000|  0%| F|  |TAMS 0x00000000e5700000| PB 0x00000000e5700000| Untracked |  0
|  88|0x00000000e5800000, 0x00000000e5800000, 0x00000000e5900000|  0%| F|  |TAMS 0x00000000e5800000| PB 0x00000000e5800000| Untracked |  0
|  89|0x00000000e5900000, 0x00000000e5900000, 0x00000000e5a00000|  0%| F|  |TAMS 0x00000000e5900000| PB 0x00000000e5900000| Untracked |  0
|  90|0x00000000e5a00000, 0x00000000e5a00000, 0x00000000e5b00000|  0%| F|  |TAMS 0x00000000e5a00000| PB 0x00000000e5a00000| Untracked |  0
|  91|0x00000000e5b00000, 0x00000000e5b00000, 0x00000000e5c00000|  0%| F|  |TAMS 0x00000000e5b00000| PB 0x00000000e5b00000| Untracked |  0
|  92|0x00000000e5c00000, 0x00000000e5c00000, 0x00000000e5d00000|  0%| F|  |TAMS 0x00000000e5c00000| PB 0x00000000e5c00000| Untracked |  0
|  93|0x00000000e5d00000, 0x00000000e5d00000, 0x00000000e5e00000|  0%| F|  |TAMS 0x00000000e5d00000| PB 0x00000000e5d00000| Untracked |  0
|  94|0x00000000e5e00000, 0x00000000e5e00000, 0x00000000e5f00000|  0%| F|  |TAMS 0x00000000e5e00000| PB 0x00000000e5e00000| Untracked |  0
|  95|0x00000000e5f00000, 0x00000000e5f00000, 0x00000000e6000000|  0%| F|  |TAMS 0x00000000e5f00000| PB 0x00000000e5f00000| Untracked |  0
|  96|0x00000000e6000000, 0x00000000e6000000, 0x00000000e6100000|  0%| F|  |TAMS 0x00000000e6000000| PB 0x00000000e6000000| Untracked |  0
|  97|0x00000000e6100000, 0x00000000e6100000, 0x00000000e6200000|  0%| F|  |TAMS 0x00000000e6100000| PB 0x00000000e6100000| Untracked |  0
|  98|0x00000000e6200000, 0x00000000e6200000, 0x00000000e6300000|  0%| F|  |TAMS 0x00000000e6200000| PB 0x00000000e6200000| Untracked |  0
|  99|0x00000000e6300000, 0x00000000e6300000, 0x00000000e6400000|  0%| F|  |TAMS 0x00000000e6300000| PB 0x00000000e6300000| Untracked |  0
| 100|0x00000000e6400000, 0x00000000e6400000, 0x00000000e6500000|  0%| F|  |TAMS 0x00000000e6400000| PB 0x00000000e6400000| Untracked |  0
| 101|0x00000000e6500000, 0x00000000e6500000, 0x00000000e6600000|  0%| F|  |TAMS 0x00000000e6500000| PB 0x00000000e6500000| Untracked |  0
| 102|0x00000000e6600000, 0x00000000e6600000, 0x00000000e6700000|  0%| F|  |TAMS 0x00000000e6600000| PB 0x00000000e6600000| Untracked |  0
| 103|0x00000000e6700000, 0x00000000e6700000, 0x00000000e6800000|  0%| F|  |TAMS 0x00000000e6700000| PB 0x00000000e6700000| Untracked |  0
| 104|0x00000000e6800000, 0x00000000e6800000, 0x00000000e6900000|  0%| F|  |TAMS 0x00000000e6800000| PB 0x00000000e6800000| Untracked |  0
| 105|0x00000000e6900000, 0x00000000e6900000, 0x00000000e6a00000|  0%| F|  |TAMS 0x00000000e6900000| PB 0x00000000e6900000| Untracked |  0
| 106|0x00000000e6a00000, 0x00000000e6a00000, 0x00000000e6b00000|  0%| F|  |TAMS 0x00000000e6a00000| PB 0x00000000e6a00000| Untracked |  0
| 107|0x00000000e6b00000, 0x00000000e6b00000, 0x00000000e6c00000|  0%| F|  |TAMS 0x00000000e6b00000| PB 0x00000000e6b00000| Untracked |  0
| 108|0x00000000e6c00000, 0x00000000e6c00000, 0x00000000e6d00000|  0%| F|  |TAMS 0x00000000e6c00000| PB 0x00000000e6c00000| Untracked |  0
| 109|0x00000000e6d00000, 0x00000000e6d00000, 0x00000000e6e00000|  0%| F|  |TAMS 0x00000000e6d00000| PB 0x00000000e6d00000| Untracked |  0
| 110|0x00000000e6e00000, 0x00000000e6e00000, 0x00000000e6f00000|  0%| F|  |TAMS 0x00000000e6e00000| PB 0x00000000e6e00000| Untracked |  0
| 111|0x00000000e6f00000, 0x00000000e6f00000, 0x00000000e7000000|  0%| F|  |TAMS 0x00000000e6f00000| PB 0x00000000e6f00000| Untracked |  0
| 112|0x00000000e7000000, 0x00000000e7000000, 0x00000000e7100000|  0%| F|  |TAMS 0x00000000e7000000| PB 0x00000000e7000000| Untracked |  0
| 113|0x00000000e7100000, 0x00000000e7100000, 0x00000000e7200000|  0%| F|  |TAMS 0x00000000e7100000| PB 0x00000000e7100000| Untracked |  0
| 114|0x00000000e7200000, 0x00000000e7200000, 0x00000000e7300000|  0%| F|  |TAMS 0x00000000e7200000| PB 0x00000000e7200000| Untracked |  0
| 115|0x00000000e7300000, 0x00000000e7300000, 0x00000000e7400000|  0%| F|  |TAMS 0x00000000e7300000| PB 0x00000000e7300000| Untracked |  0
| 116|0x00000000e7400000, 0x00000000e7400000, 0x00000000e7500000|  0%| F|  |TAMS 0x00000000e7400000| PB 0x00000000e7400000| Untracked |  0
| 117|0x00000000e7500000, 0x00000000e7500000, 0x00000000e7600000|  0%| F|  |TAMS 0x00000000e7500000| PB 0x00000000e7500000| Untracked |  0
| 118|0x00000000e7600000, 0x00000000e7600000, 0x00000000e7700000|  0%| F|  |TAMS 0x00000000e7600000| PB 0x00000000e7600000| Untracked |  0
| 119|0x00000000e7700000, 0x00000000e7700000, 0x00000000e7800000|  0%| F|  |TAMS 0x00000000e7700000| PB 0x00000000e7700000| Untracked |  0
| 120|0x00000000e7800000, 0x00000000e7884010, 0x00000000e7900000| 51%| E|  |TAMS 0x00000000e7800000| PB 0x00000000e7800000| Complete |  0
| 121|0x00000000e7900000, 0x00000000e7a00000, 0x00000000e7a00000|100%| E|CS|TAMS 0x00000000e7900000| PB 0x00000000e7900000| Complete |  0
| 122|0x00000000e7a00000, 0x00000000e7b00000, 0x00000000e7b00000|100%| E|CS|TAMS 0x00000000e7a00000| PB 0x00000000e7a00000| Complete |  0
| 123|0x00000000e7b00000, 0x00000000e7c00000, 0x00000000e7c00000|100%| E|CS|TAMS 0x00000000e7b00000| PB 0x00000000e7b00000| Complete |  0
| 124|0x00000000e7c00000, 0x00000000e7d00000, 0x00000000e7d00000|100%| E|CS|TAMS 0x00000000e7c00000| PB 0x00000000e7c00000| Complete |  0
| 125|0x00000000e7d00000, 0x00000000e7e00000, 0x00000000e7e00000|100%| E|CS|TAMS 0x00000000e7d00000| PB 0x00000000e7d00000| Complete |  0
| 126|0x00000000e7e00000, 0x00000000e7f00000, 0x00000000e7f00000|100%| E|CS|TAMS 0x00000000e7e00000| PB 0x00000000e7e00000| Complete |  0
| 127|0x00000000e7f00000, 0x00000000e8000000, 0x00000000e8000000|100%| E|CS|TAMS 0x00000000e7f00000| PB 0x00000000e7f00000| Complete |  0
| 128|0x00000000e8000000, 0x00000000e8100000, 0x00000000e8100000|100%| E|CS|TAMS 0x00000000e8000000| PB 0x00000000e8000000| Complete |  0
| 129|0x00000000e8100000, 0x00000000e8200000, 0x00000000e8200000|100%| E|CS|TAMS 0x00000000e8100000| PB 0x00000000e8100000| Complete |  0
| 130|0x00000000e8200000, 0x00000000e8300000, 0x00000000e8300000|100%| E|CS|TAMS 0x00000000e8200000| PB 0x00000000e8200000| Complete |  0
| 131|0x00000000e8300000, 0x00000000e8400000, 0x00000000e8400000|100%| E|CS|TAMS 0x00000000e8300000| PB 0x00000000e8300000| Complete |  0
| 132|0x00000000e8400000, 0x00000000e8500000, 0x00000000e8500000|100%| E|CS|TAMS 0x00000000e8400000| PB 0x00000000e8400000| Complete |  0
| 133|0x00000000e8500000, 0x00000000e8600000, 0x00000000e8600000|100%| E|CS|TAMS 0x00000000e8500000| PB 0x00000000e8500000| Complete |  0
| 134|0x00000000e8600000, 0x00000000e8700000, 0x00000000e8700000|100%| E|CS|TAMS 0x00000000e8600000| PB 0x00000000e8600000| Complete |  0
| 135|0x00000000e8700000, 0x00000000e8800000, 0x00000000e8800000|100%| E|CS|TAMS 0x00000000e8700000| PB 0x00000000e8700000| Complete |  0
| 136|0x00000000e8800000, 0x00000000e8900000, 0x00000000e8900000|100%| E|CS|TAMS 0x00000000e8800000| PB 0x00000000e8800000| Complete |  0
| 137|0x00000000e8900000, 0x00000000e8a00000, 0x00000000e8a00000|100%| E|CS|TAMS 0x00000000e8900000| PB 0x00000000e8900000| Complete |  0
| 138|0x00000000e8a00000, 0x00000000e8b00000, 0x00000000e8b00000|100%| E|CS|TAMS 0x00000000e8a00000| PB 0x00000000e8a00000| Complete |  0
| 139|0x00000000e8b00000, 0x00000000e8c00000, 0x00000000e8c00000|100%| E|CS|TAMS 0x00000000e8b00000| PB 0x00000000e8b00000| Complete |  0
| 140|0x00000000e8c00000, 0x00000000e8d00000, 0x00000000e8d00000|100%| E|CS|TAMS 0x00000000e8c00000| PB 0x00000000e8c00000| Complete |  0
| 141|0x00000000e8d00000, 0x00000000e8e00000, 0x00000000e8e00000|100%| E|CS|TAMS 0x00000000e8d00000| PB 0x00000000e8d00000| Complete |  0
| 142|0x00000000e8e00000, 0x00000000e8f00000, 0x00000000e8f00000|100%| E|CS|TAMS 0x00000000e8e00000| PB 0x00000000e8e00000| Complete |  0
| 143|0x00000000e8f00000, 0x00000000e9000000, 0x00000000e9000000|100%| E|CS|TAMS 0x00000000e8f00000| PB 0x00000000e8f00000| Complete |  0
| 144|0x00000000e9000000, 0x00000000e9100000, 0x00000000e9100000|100%| E|CS|TAMS 0x00000000e9000000| PB 0x00000000e9000000| Complete |  0
| 145|0x00000000e9100000, 0x00000000e9200000, 0x00000000e9200000|100%| E|CS|TAMS 0x00000000e9100000| PB 0x00000000e9100000| Complete |  0
| 146|0x00000000e9200000, 0x00000000e9300000, 0x00000000e9300000|100%| E|CS|TAMS 0x00000000e9200000| PB 0x00000000e9200000| Complete |  0
| 147|0x00000000e9300000, 0x00000000e9400000, 0x00000000e9400000|100%| E|  |TAMS 0x00000000e9300000| PB 0x00000000e9300000| Complete |  0
| 148|0x00000000e9400000, 0x00000000e9500000, 0x00000000e9500000|100%| E|CS|TAMS 0x00000000e9400000| PB 0x00000000e9400000| Complete |  0
| 149|0x00000000e9500000, 0x00000000e9600000, 0x00000000e9600000|100%| E|CS|TAMS 0x00000000e9500000| PB 0x00000000e9500000| Complete |  0
| 150|0x00000000e9600000, 0x00000000e9700000, 0x00000000e9700000|100%| E|CS|TAMS 0x00000000e9600000| PB 0x00000000e9600000| Complete |  0
| 151|0x00000000e9700000, 0x00000000e9800000, 0x00000000e9800000|100%| E|CS|TAMS 0x00000000e9700000| PB 0x00000000e9700000| Complete |  0
| 152|0x00000000e9800000, 0x00000000e9900000, 0x00000000e9900000|100%| E|CS|TAMS 0x00000000e9800000| PB 0x00000000e9800000| Complete |  0
| 153|0x00000000e9900000, 0x00000000e9a00000, 0x00000000e9a00000|100%| E|CS|TAMS 0x00000000e9900000| PB 0x00000000e9900000| Complete |  0
| 154|0x00000000e9a00000, 0x00000000e9b00000, 0x00000000e9b00000|100%| E|CS|TAMS 0x00000000e9a00000| PB 0x00000000e9a00000| Complete |  0
| 155|0x00000000e9b00000, 0x00000000e9c00000, 0x00000000e9c00000|100%| E|CS|TAMS 0x00000000e9b00000| PB 0x00000000e9b00000| Complete |  0
| 156|0x00000000e9c00000, 0x00000000e9d00000, 0x00000000e9d00000|100%| E|CS|TAMS 0x00000000e9c00000| PB 0x00000000e9c00000| Complete |  0
| 157|0x00000000e9d00000, 0x00000000e9e00000, 0x00000000e9e00000|100%| E|CS|TAMS 0x00000000e9d00000| PB 0x00000000e9d00000| Complete |  0
| 158|0x00000000e9e00000, 0x00000000e9f00000, 0x00000000e9f00000|100%| E|CS|TAMS 0x00000000e9e00000| PB 0x00000000e9e00000| Complete |  0
| 159|0x00000000e9f00000, 0x00000000ea000000, 0x00000000ea000000|100%| E|CS|TAMS 0x00000000e9f00000| PB 0x00000000e9f00000| Complete |  0
| 160|0x00000000ea000000, 0x00000000ea100000, 0x00000000ea100000|100%| E|CS|TAMS 0x00000000ea000000| PB 0x00000000ea000000| Complete |  0
| 161|0x00000000ea100000, 0x00000000ea200000, 0x00000000ea200000|100%| E|CS|TAMS 0x00000000ea100000| PB 0x00000000ea100000| Complete |  0
| 162|0x00000000ea200000, 0x00000000ea300000, 0x00000000ea300000|100%| E|CS|TAMS 0x00000000ea200000| PB 0x00000000ea200000| Complete |  0
| 163|0x00000000ea300000, 0x00000000ea400000, 0x00000000ea400000|100%| E|CS|TAMS 0x00000000ea300000| PB 0x00000000ea300000| Complete |  0
| 164|0x00000000ea400000, 0x00000000ea500000, 0x00000000ea500000|100%| E|CS|TAMS 0x00000000ea400000| PB 0x00000000ea400000| Complete |  0
| 165|0x00000000ea500000, 0x00000000ea600000, 0x00000000ea600000|100%| E|CS|TAMS 0x00000000ea500000| PB 0x00000000ea500000| Complete |  0
| 166|0x00000000ea600000, 0x00000000ea700000, 0x00000000ea700000|100%| E|CS|TAMS 0x00000000ea600000| PB 0x00000000ea600000| Complete |  0
| 167|0x00000000ea700000, 0x00000000ea800000, 0x00000000ea800000|100%| E|CS|TAMS 0x00000000ea700000| PB 0x00000000ea700000| Complete |  0
| 168|0x00000000ea800000, 0x00000000ea900000, 0x00000000ea900000|100%| E|CS|TAMS 0x00000000ea800000| PB 0x00000000ea800000| Complete |  0
| 169|0x00000000ea900000, 0x00000000eaa00000, 0x00000000eaa00000|100%| E|CS|TAMS 0x00000000ea900000| PB 0x00000000ea900000| Complete |  0
| 170|0x00000000eaa00000, 0x00000000eab00000, 0x00000000eab00000|100%| E|CS|TAMS 0x00000000eaa00000| PB 0x00000000eaa00000| Complete |  0
| 171|0x00000000eab00000, 0x00000000eac00000, 0x00000000eac00000|100%| E|CS|TAMS 0x00000000eab00000| PB 0x00000000eab00000| Complete |  0
| 172|0x00000000eac00000, 0x00000000ead00000, 0x00000000ead00000|100%| E|CS|TAMS 0x00000000eac00000| PB 0x00000000eac00000| Complete |  0
| 173|0x00000000ead00000, 0x00000000eae00000, 0x00000000eae00000|100%| E|CS|TAMS 0x00000000ead00000| PB 0x00000000ead00000| Complete |  0
| 174|0x00000000eae00000, 0x00000000eaf00000, 0x00000000eaf00000|100%| E|CS|TAMS 0x00000000eae00000| PB 0x00000000eae00000| Complete |  0
| 175|0x00000000eaf00000, 0x00000000eb000000, 0x00000000eb000000|100%| E|CS|TAMS 0x00000000eaf00000| PB 0x00000000eaf00000| Complete |  0
| 176|0x00000000eb000000, 0x00000000eb100000, 0x00000000eb100000|100%| E|CS|TAMS 0x00000000eb000000| PB 0x00000000eb000000| Complete |  0
| 177|0x00000000eb100000, 0x00000000eb200000, 0x00000000eb200000|100%| E|CS|TAMS 0x00000000eb100000| PB 0x00000000eb100000| Complete |  0
| 178|0x00000000eb200000, 0x00000000eb300000, 0x00000000eb300000|100%| E|CS|TAMS 0x00000000eb200000| PB 0x00000000eb200000| Complete |  0
| 179|0x00000000eb300000, 0x00000000eb400000, 0x00000000eb400000|100%| E|CS|TAMS 0x00000000eb300000| PB 0x00000000eb300000| Complete |  0
| 180|0x00000000eb400000, 0x00000000eb500000, 0x00000000eb500000|100%| E|CS|TAMS 0x00000000eb400000| PB 0x00000000eb400000| Complete |  0
| 181|0x00000000eb500000, 0x00000000eb600000, 0x00000000eb600000|100%| E|CS|TAMS 0x00000000eb500000| PB 0x00000000eb500000| Complete |  0
| 182|0x00000000eb600000, 0x00000000eb700000, 0x00000000eb700000|100%| E|CS|TAMS 0x00000000eb600000| PB 0x00000000eb600000| Complete |  0
| 183|0x00000000eb700000, 0x00000000eb800000, 0x00000000eb800000|100%| E|CS|TAMS 0x00000000eb700000| PB 0x00000000eb700000| Complete |  0
| 184|0x00000000eb800000, 0x00000000eb900000, 0x00000000eb900000|100%| E|CS|TAMS 0x00000000eb800000| PB 0x00000000eb800000| Complete |  0
| 185|0x00000000eb900000, 0x00000000eba00000, 0x00000000eba00000|100%| E|CS|TAMS 0x00000000eb900000| PB 0x00000000eb900000| Complete |  0
| 186|0x00000000eba00000, 0x00000000ebb00000, 0x00000000ebb00000|100%| E|CS|TAMS 0x00000000eba00000| PB 0x00000000eba00000| Complete |  0
| 187|0x00000000ebb00000, 0x00000000ebc00000, 0x00000000ebc00000|100%| E|CS|TAMS 0x00000000ebb00000| PB 0x00000000ebb00000| Complete |  0
| 188|0x00000000ebc00000, 0x00000000ebd00000, 0x00000000ebd00000|100%| E|CS|TAMS 0x00000000ebc00000| PB 0x00000000ebc00000| Complete |  0
| 189|0x00000000ebd00000, 0x00000000ebe00000, 0x00000000ebe00000|100%| E|CS|TAMS 0x00000000ebd00000| PB 0x00000000ebd00000| Complete |  0
| 190|0x00000000ebe00000, 0x00000000ebf00000, 0x00000000ebf00000|100%| E|CS|TAMS 0x00000000ebe00000| PB 0x00000000ebe00000| Complete |  0
| 191|0x00000000ebf00000, 0x00000000ec000000, 0x00000000ec000000|100%| E|CS|TAMS 0x00000000ebf00000| PB 0x00000000ebf00000| Complete |  0
| 192|0x00000000ec000000, 0x00000000ec100000, 0x00000000ec100000|100%| E|CS|TAMS 0x00000000ec000000| PB 0x00000000ec000000| Complete |  0
| 193|0x00000000ec100000, 0x00000000ec200000, 0x00000000ec200000|100%| E|CS|TAMS 0x00000000ec100000| PB 0x00000000ec100000| Complete |  0
| 194|0x00000000ec200000, 0x00000000ec300000, 0x00000000ec300000|100%| E|CS|TAMS 0x00000000ec200000| PB 0x00000000ec200000| Complete |  0
| 195|0x00000000ec300000, 0x00000000ec400000, 0x00000000ec400000|100%| E|CS|TAMS 0x00000000ec300000| PB 0x00000000ec300000| Complete |  0
| 196|0x00000000ec400000, 0x00000000ec500000, 0x00000000ec500000|100%| E|CS|TAMS 0x00000000ec400000| PB 0x00000000ec400000| Complete |  0
| 197|0x00000000ec500000, 0x00000000ec600000, 0x00000000ec600000|100%| E|CS|TAMS 0x00000000ec500000| PB 0x00000000ec500000| Complete |  0
| 198|0x00000000ec600000, 0x00000000ec700000, 0x00000000ec700000|100%| E|CS|TAMS 0x00000000ec600000| PB 0x00000000ec600000| Complete |  0
| 199|0x00000000ec700000, 0x00000000ec800000, 0x00000000ec800000|100%| E|CS|TAMS 0x00000000ec700000| PB 0x00000000ec700000| Complete |  0
| 200|0x00000000ec800000, 0x00000000ec86b640, 0x00000000ec900000| 41%| S|CS|TAMS 0x00000000ec800000| PB 0x00000000ec800000| Complete |  0
| 201|0x00000000ec900000, 0x00000000eca00000, 0x00000000eca00000|100%| S|CS|TAMS 0x00000000ec900000| PB 0x00000000ec900000| Complete |  0
| 202|0x00000000eca00000, 0x00000000ecb00000, 0x00000000ecb00000|100%| S|CS|TAMS 0x00000000eca00000| PB 0x00000000eca00000| Complete |  0
| 203|0x00000000ecb00000, 0x00000000ecc00000, 0x00000000ecc00000|100%| S|CS|TAMS 0x00000000ecb00000| PB 0x00000000ecb00000| Complete |  0
| 204|0x00000000ecc00000, 0x00000000ecd00000, 0x00000000ecd00000|100%| S|CS|TAMS 0x00000000ecc00000| PB 0x00000000ecc00000| Complete |  0
| 205|0x00000000ecd00000, 0x00000000ece00000, 0x00000000ece00000|100%| S|CS|TAMS 0x00000000ecd00000| PB 0x00000000ecd00000| Complete |  0
| 206|0x00000000ece00000, 0x00000000ecf00000, 0x00000000ecf00000|100%| S|CS|TAMS 0x00000000ece00000| PB 0x00000000ece00000| Complete |  0
| 207|0x00000000ecf00000, 0x00000000ed000000, 0x00000000ed000000|100%| S|CS|TAMS 0x00000000ecf00000| PB 0x00000000ecf00000| Complete |  0
| 208|0x00000000ed000000, 0x00000000ed100000, 0x00000000ed100000|100%| S|CS|TAMS 0x00000000ed000000| PB 0x00000000ed000000| Complete |  0
| 209|0x00000000ed100000, 0x00000000ed200000, 0x00000000ed200000|100%| S|CS|TAMS 0x00000000ed100000| PB 0x00000000ed100000| Complete |  0
| 210|0x00000000ed200000, 0x00000000ed300000, 0x00000000ed300000|100%| S|CS|TAMS 0x00000000ed200000| PB 0x00000000ed200000| Complete |  0
| 211|0x00000000ed300000, 0x00000000ed400000, 0x00000000ed400000|100%| S|CS|TAMS 0x00000000ed300000| PB 0x00000000ed300000| Complete |  0
| 212|0x00000000ed400000, 0x00000000ed500000, 0x00000000ed500000|100%| S|CS|TAMS 0x00000000ed400000| PB 0x00000000ed400000| Complete |  0
| 213|0x00000000ed500000, 0x00000000ed600000, 0x00000000ed600000|100%| E|CS|TAMS 0x00000000ed500000| PB 0x00000000ed500000| Complete |  0
| 214|0x00000000ed600000, 0x00000000ed700000, 0x00000000ed700000|100%| E|CS|TAMS 0x00000000ed600000| PB 0x00000000ed600000| Complete |  0
| 215|0x00000000ed700000, 0x00000000ed800000, 0x00000000ed800000|100%| E|CS|TAMS 0x00000000ed700000| PB 0x00000000ed700000| Complete |  0
| 216|0x00000000ed800000, 0x00000000ed900000, 0x00000000ed900000|100%| E|CS|TAMS 0x00000000ed800000| PB 0x00000000ed800000| Complete |  0
| 217|0x00000000ed900000, 0x00000000eda00000, 0x00000000eda00000|100%| E|CS|TAMS 0x00000000ed900000| PB 0x00000000ed900000| Complete |  0
| 218|0x00000000eda00000, 0x00000000edb00000, 0x00000000edb00000|100%| E|CS|TAMS 0x00000000eda00000| PB 0x00000000eda00000| Complete |  0
| 219|0x00000000edb00000, 0x00000000edc00000, 0x00000000edc00000|100%| E|CS|TAMS 0x00000000edb00000| PB 0x00000000edb00000| Complete |  0
| 220|0x00000000edc00000, 0x00000000edd00000, 0x00000000edd00000|100%| E|CS|TAMS 0x00000000edc00000| PB 0x00000000edc00000| Complete |  0
| 221|0x00000000edd00000, 0x00000000ede00000, 0x00000000ede00000|100%| E|CS|TAMS 0x00000000edd00000| PB 0x00000000edd00000| Complete |  0
| 222|0x00000000ede00000, 0x00000000edf00000, 0x00000000edf00000|100%| E|CS|TAMS 0x00000000ede00000| PB 0x00000000ede00000| Complete |  0
| 223|0x00000000edf00000, 0x00000000ee000000, 0x00000000ee000000|100%| E|CS|TAMS 0x00000000edf00000| PB 0x00000000edf00000| Complete |  0
| 224|0x00000000ee000000, 0x00000000ee100000, 0x00000000ee100000|100%| E|CS|TAMS 0x00000000ee000000| PB 0x00000000ee000000| Complete |  0
| 225|0x00000000ee100000, 0x00000000ee200000, 0x00000000ee200000|100%| E|CS|TAMS 0x00000000ee100000| PB 0x00000000ee100000| Complete |  0
| 226|0x00000000ee200000, 0x00000000ee300000, 0x00000000ee300000|100%| E|CS|TAMS 0x00000000ee200000| PB 0x00000000ee200000| Complete |  0
| 227|0x00000000ee300000, 0x00000000ee400000, 0x00000000ee400000|100%| E|CS|TAMS 0x00000000ee300000| PB 0x00000000ee300000| Complete |  0
| 228|0x00000000ee400000, 0x00000000ee500000, 0x00000000ee500000|100%| E|CS|TAMS 0x00000000ee400000| PB 0x00000000ee400000| Complete |  0
| 229|0x00000000ee500000, 0x00000000ee600000, 0x00000000ee600000|100%| E|CS|TAMS 0x00000000ee500000| PB 0x00000000ee500000| Complete |  0
| 230|0x00000000ee600000, 0x00000000ee700000, 0x00000000ee700000|100%| E|CS|TAMS 0x00000000ee600000| PB 0x00000000ee600000| Complete |  0
| 231|0x00000000ee700000, 0x00000000ee800000, 0x00000000ee800000|100%| E|CS|TAMS 0x00000000ee700000| PB 0x00000000ee700000| Complete |  0
| 232|0x00000000ee800000, 0x00000000ee900000, 0x00000000ee900000|100%| E|CS|TAMS 0x00000000ee800000| PB 0x00000000ee800000| Complete |  0
| 233|0x00000000ee900000, 0x00000000eea00000, 0x00000000eea00000|100%| E|CS|TAMS 0x00000000ee900000| PB 0x00000000ee900000| Complete |  0
| 234|0x00000000eea00000, 0x00000000eeb00000, 0x00000000eeb00000|100%| E|CS|TAMS 0x00000000eea00000| PB 0x00000000eea00000| Complete |  0
| 235|0x00000000eeb00000, 0x00000000eec00000, 0x00000000eec00000|100%| E|CS|TAMS 0x00000000eeb00000| PB 0x00000000eeb00000| Complete |  0
| 236|0x00000000eec00000, 0x00000000eed00000, 0x00000000eed00000|100%| E|CS|TAMS 0x00000000eec00000| PB 0x00000000eec00000| Complete |  0
| 237|0x00000000eed00000, 0x00000000eee00000, 0x00000000eee00000|100%| E|CS|TAMS 0x00000000eed00000| PB 0x00000000eed00000| Complete |  0
| 238|0x00000000eee00000, 0x00000000eef00000, 0x00000000eef00000|100%| E|CS|TAMS 0x00000000eee00000| PB 0x00000000eee00000| Complete |  0
| 239|0x00000000eef00000, 0x00000000ef000000, 0x00000000ef000000|100%| E|CS|TAMS 0x00000000eef00000| PB 0x00000000eef00000| Complete |  0
| 240|0x00000000ef000000, 0x00000000ef100000, 0x00000000ef100000|100%| E|CS|TAMS 0x00000000ef000000| PB 0x00000000ef000000| Complete |  0
| 241|0x00000000ef100000, 0x00000000ef200000, 0x00000000ef200000|100%| E|CS|TAMS 0x00000000ef100000| PB 0x00000000ef100000| Complete |  0
| 242|0x00000000ef200000, 0x00000000ef300000, 0x00000000ef300000|100%| E|CS|TAMS 0x00000000ef200000| PB 0x00000000ef200000| Complete |  0
| 243|0x00000000ef300000, 0x00000000ef400000, 0x00000000ef400000|100%| E|CS|TAMS 0x00000000ef300000| PB 0x00000000ef300000| Complete |  0
| 244|0x00000000ef400000, 0x00000000ef500000, 0x00000000ef500000|100%| E|CS|TAMS 0x00000000ef400000| PB 0x00000000ef400000| Complete |  0
| 245|0x00000000ef500000, 0x00000000ef600000, 0x00000000ef600000|100%| E|CS|TAMS 0x00000000ef500000| PB 0x00000000ef500000| Complete |  0
| 246|0x00000000ef600000, 0x00000000ef700000, 0x00000000ef700000|100%| E|CS|TAMS 0x00000000ef600000| PB 0x00000000ef600000| Complete |  0
| 247|0x00000000ef700000, 0x00000000ef800000, 0x00000000ef800000|100%| E|CS|TAMS 0x00000000ef700000| PB 0x00000000ef700000| Complete |  0
| 248|0x00000000ef800000, 0x00000000ef900000, 0x00000000ef900000|100%| E|CS|TAMS 0x00000000ef800000| PB 0x00000000ef800000| Complete |  0
| 249|0x00000000ef900000, 0x00000000efa00000, 0x00000000efa00000|100%| E|CS|TAMS 0x00000000ef900000| PB 0x00000000ef900000| Complete |  0
| 250|0x00000000efa00000, 0x00000000efb00000, 0x00000000efb00000|100%| E|CS|TAMS 0x00000000efa00000| PB 0x00000000efa00000| Complete |  0
| 251|0x00000000efb00000, 0x00000000efc00000, 0x00000000efc00000|100%| E|CS|TAMS 0x00000000efb00000| PB 0x00000000efb00000| Complete |  0
| 252|0x00000000efc00000, 0x00000000efd00000, 0x00000000efd00000|100%| E|CS|TAMS 0x00000000efc00000| PB 0x00000000efc00000| Complete |  0
| 255|0x00000000eff00000, 0x00000000f0000000, 0x00000000f0000000|100%| E|CS|TAMS 0x00000000eff00000| PB 0x00000000eff00000| Complete |  0
| 510|0x00000000ffe00000, 0x00000000fff00000, 0x00000000fff00000|100%| O|  |TAMS 0x00000000ffe00000| PB 0x00000000ffe00000| Untracked |  0
| 511|0x00000000fff00000, 0x00000000fff1c288, 0x0000000100000000| 10%| O|Cm|TAMS 0x00000000fff00000| PB 0x00000000fff00000| Complete |  0

Card table byte_map: [0x000001fa2dbe0000,0x000001fa2dce0000] _byte_map_base: 0x000001fa2d4e0000

Marking Bits: (CMBitMap*) 0x000001fa15e21ff0
 Bits: [0x000001fa2dce0000, 0x000001fa2e4e0000)

Polling page: 0x000001fa13b80000

Metaspace:

Usage:
  Non-class:     30.20 MB used.
      Class:      3.74 MB used.
       Both:     33.94 MB used.

Virtual space:
  Non-class space:       64.00 MB reserved,      30.75 MB ( 48%) committed,  1 nodes.
      Class space:      320.00 MB reserved,       4.25 MB (  1%) committed,  1 nodes.
             Both:      384.00 MB reserved,      35.00 MB (  9%) committed. 

Chunk freelists:
   Non-Class:  324.00 KB
       Class:  11.62 MB
        Both:  11.94 MB

MaxMetaspaceSize: 384.00 MB
CompressedClassSpaceSize: 320.00 MB
Initial GC threshold: 21.00 MB
Current GC threshold: 35.12 MB
CDS: on
 - commit_granule_bytes: 65536.
 - commit_granule_words: 8192.
 - virtual_space_node_default_size: 8388608.
 - enlarge_chunks_in_place: 1.
UseCompressedClassPointers 1, UseCompactObjectHeaders 0
Narrow klass pointer bits 32, Max shift 3
Narrow klass base: 0x000001fa31000000, Narrow klass shift: 0
Encoding Range: [0x000001fa31000000 - 0x000001fb31000000), (4294967296 bytes)
Klass Range:    [0x000001fa31000000 - 0x000001fa46000000), (352321536 bytes)
Klass ID Range:  [8 - 352321529) (352321521)


Internal statistics:

num_allocs_failed_limit: 3.
num_arena_births: 1588.
num_arena_deaths: 0.
num_vsnodes_births: 2.
num_vsnodes_deaths: 0.
num_space_committed: 560.
num_space_uncommitted: 0.
num_chunks_returned_to_freelist: 3.
num_chunks_taken_from_freelist: 2896.
num_chunk_merges: 3.
num_chunk_splits: 1946.
num_chunks_enlarged: 1315.
num_inconsistent_stats: 0.

CodeHeap 'non-profiled nmethods': size=120064Kb used=2178Kb max_used=2178Kb free=117885Kb
 bounds [0x000001fa26160000, 0x000001fa263d0000, 0x000001fa2d6a0000]
CodeHeap 'profiled nmethods': size=120000Kb used=8090Kb max_used=8090Kb free=111909Kb
 bounds [0x000001fa1e6a0000, 0x000001fa1ee90000, 0x000001fa25bd0000]
CodeHeap 'non-nmethods': size=5696Kb used=1821Kb max_used=1842Kb free=3874Kb
 bounds [0x000001fa25bd0000, 0x000001fa25e40000, 0x000001fa26160000]
CodeCache: size=245760Kb, used=12089Kb, max_used=12110Kb, free=233668Kb
 total_blobs=5353, nmethods=4641, adapters=616, full_count=0
Compilation: enabled, stopped_count=0, restarted_count=0

Compilation events (20 events):
Event: 7.378 Thread 0x000001fa4a0415c0 nmethod 4546 0x000001fa2637d208 code [0x000001fa2637d300, 0x000001fa2637d4e8]
Event: 7.379 Thread 0x000001fa4a0415c0 4555 %     4       jdk.internal.jrtfs.JrtPath::normalize @ 15 (97 bytes)
Event: 7.381 Thread 0x000001fa4a042140 4557       1       java.nio.DirectByteBuffer::attachment (5 bytes)
Event: 7.381 Thread 0x000001fa4a042140 nmethod 4557 0x000001fa2637d588 code [0x000001fa2637d680, 0x000001fa2637d748]
Event: 7.382 Thread 0x000001fa4a0415c0 nmethod 4555% 0x000001fa2637d888 code [0x000001fa2637d9c0, 0x000001fa2637dc78]
Event: 7.382 Thread 0x000001fa4a0415c0 4556       4       java.lang.StringLatin1::indexOf (121 bytes)
Event: 7.387 Thread 0x000001fa4a0415c0 nmethod 4556 0x000001fa2637dd08 code [0x000001fa2637de20, 0x000001fa2637e170]
Event: 7.387 Thread 0x000001fa4a0415c0 4559       4       jdk.internal.jrtfs.JrtPath::normalize (97 bytes)
Event: 7.392 Thread 0x000001fa4a0415c0 nmethod 4559 0x000001fa2637e188 code [0x000001fa2637e2c0, 0x000001fa2637e520]
Event: 7.392 Thread 0x000001fa4a042140 4560       3       java.nio.MappedByteBuffer::limit (8 bytes)
Event: 7.392 Thread 0x000001fa4a0415c0 4558       4       java.util.Spliterators$1Adapter::accept (11 bytes)
Event: 7.392 Thread 0x000001fa4a042140 nmethod 4560 0x000001fa1ee56e08 code [0x000001fa1ee56f20, 0x000001fa1ee570c8]
Event: 7.393 Thread 0x000001fa4a0415c0 nmethod 4558 0x000001fa2637e588 code [0x000001fa2637e680, 0x000001fa2637e7f8]
Event: 7.393 Thread 0x000001fa4a0415c0 4520       4       jdk.internal.jimage.ImageLocation::getAttributeString (54 bytes)
Event: 7.396 Thread 0x000001fa4a042140 4562       3       jdk.internal.jimage.ImageBufferCache::getCapacity (21 bytes)
Event: 7.397 Thread 0x000001fa4a042140 nmethod 4562 0x000001fa1ee57108 code [0x000001fa1ee57240, 0x000001fa1ee575a8]
Event: 7.406 Thread 0x000001fa4a042140 4564       1       jdk.internal.jimage.ImageReader$Directory::isDirectory (2 bytes)
Event: 7.406 Thread 0x000001fa4a042140 nmethod 4564 0x000001fa2637e888 code [0x000001fa2637e980, 0x000001fa2637ea48]
Event: 7.406 Thread 0x000001fa4a042140 4565       1       jdk.internal.jimage.ImageReader$Node::isCompleted (5 bytes)
Event: 7.407 Thread 0x000001fa4a042140 nmethod 4565 0x000001fa2637eb88 code [0x000001fa2637ec80, 0x000001fa2637ed48]

GC Heap History (6 events):
Event: 0.969 GC heap before
{Heap before GC invocations=0 (full 0):
 garbage-first heap   total reserved 524288K, committed 264192K, used 51312K [0x00000000e0000000, 0x0000000100000000)
  region size 1024K, 47 young (48128K), 0 survivors (0K)
 Metaspace       used 4430K, committed 4672K, reserved 393216K
  class space    used 386K, committed 512K, reserved 327680K
}
Event: 0.977 GC heap after
{Heap after GC invocations=1 (full 0):
 garbage-first heap   total reserved 524288K, committed 264192K, used 11921K [0x00000000e0000000, 0x0000000100000000)
  region size 1024K, 6 young (6144K), 6 survivors (6144K)
 Metaspace       used 4430K, committed 4672K, reserved 393216K
  class space    used 386K, committed 512K, reserved 327680K
}
Event: 3.401 GC heap before
{Heap before GC invocations=1 (full 0):
 garbage-first heap   total reserved 524288K, committed 264192K, used 122513K [0x00000000e0000000, 0x0000000100000000)
  region size 1024K, 112 young (114688K), 6 survivors (6144K)
 Metaspace       used 15197K, committed 15680K, reserved 393216K
  class space    used 1593K, committed 1792K, reserved 327680K
}
Event: 3.413 GC heap after
{Heap after GC invocations=2 (full 0):
 garbage-first heap   total reserved 524288K, committed 264192K, used 21358K [0x00000000e0000000, 0x0000000100000000)
  region size 1024K, 14 young (14336K), 14 survivors (14336K)
 Metaspace       used 15197K, committed 15680K, reserved 393216K
  class space    used 1593K, committed 1792K, reserved 327680K
}
Event: 4.458 GC heap before
{Heap before GC invocations=2 (full 0):
 garbage-first heap   total reserved 524288K, committed 264192K, used 64366K [0x00000000e0000000, 0x0000000100000000)
  region size 1024K, 57 young (58368K), 14 survivors (14336K)
 Metaspace       used 20777K, committed 21504K, reserved 393216K
  class space    used 2265K, committed 2624K, reserved 327680K
}
Event: 4.473 GC heap after
{Heap after GC invocations=3 (full 0):
 garbage-first heap   total reserved 524288K, committed 264192K, used 25304K [0x00000000e0000000, 0x0000000100000000)
  region size 1024K, 13 young (13312K), 13 survivors (13312K)
 Metaspace       used 20777K, committed 21504K, reserved 393216K
  class space    used 2265K, committed 2624K, reserved 327680K
}

Dll operation events (15 events):
Event: 0.008 Loaded shared library C:\Users\Laptop\.jdks\openjdk-24.0.1\bin\java.dll
Event: 0.033 Loaded shared library C:\Users\Laptop\.jdks\openjdk-24.0.1\bin\jsvml.dll
Event: 0.064 Loaded shared library C:\Users\Laptop\.jdks\openjdk-24.0.1\bin\zip.dll
Event: 0.066 Loaded shared library C:\Users\Laptop\.jdks\openjdk-24.0.1\bin\instrument.dll
Event: 0.068 Loaded shared library C:\Users\Laptop\.jdks\openjdk-24.0.1\bin\net.dll
Event: 0.070 Loaded shared library C:\Users\Laptop\.jdks\openjdk-24.0.1\bin\nio.dll
Event: 0.073 Loaded shared library C:\Users\Laptop\.jdks\openjdk-24.0.1\bin\zip.dll
Event: 0.297 Loaded shared library C:\Users\Laptop\.jdks\openjdk-24.0.1\bin\jimage.dll
Event: 0.449 Loaded shared library C:\Users\Laptop\.jdks\openjdk-24.0.1\bin\verify.dll
Event: 0.570 Loaded shared library C:\Users\Laptop\.gradle\native\1def1411415f61bf3af743bc5b6707747c0891f09f0c88961ee8f79bc544acac\windows-amd64\native-platform.dll
Event: 0.643 Loaded shared library C:\Users\Laptop\.gradle\native\0.2.7\x86_64-windows-gnu\gradle-fileevents.dll
Event: 1.825 Loaded shared library C:\Users\Laptop\.jdks\openjdk-24.0.1\bin\management.dll
Event: 1.831 Loaded shared library C:\Users\Laptop\.jdks\openjdk-24.0.1\bin\management_ext.dll
Event: 2.091 Loaded shared library C:\Users\Laptop\.jdks\openjdk-24.0.1\bin\extnet.dll
Event: 2.712 Loaded shared library C:\Users\Laptop\.jdks\openjdk-24.0.1\bin\sunmscapi.dll

Deoptimization events (20 events):
Event: 6.945 Thread 0x000001fa4bc76c10 DEOPT PACKING pc=0x000001fa1ea66466 sp=0x0000008f1faf6f60
Event: 6.945 Thread 0x000001fa4bc76c10 DEOPT UNPACKING pc=0x000001fa25c25722 sp=0x0000008f1faf6448 mode 0
Event: 7.250 Thread 0x000001fa4bc76c10 Uncommon trap: trap_request=0xffffff4d fr.pc=0x000001fa26326028 relative=0x00000000000008e8
Event: 7.250 Thread 0x000001fa4bc76c10 Uncommon trap: reason=unstable_if action=reinterpret pc=0x000001fa26326028 method=java.net.URI.percentNormalizedComparison(Ljava/lang/String;Ljava/lang/String;Z)I @ 21 c2
Event: 7.250 Thread 0x000001fa4bc76c10 DEOPT PACKING pc=0x000001fa26326028 sp=0x0000008f1faf71e0
Event: 7.250 Thread 0x000001fa4bc76c10 DEOPT UNPACKING pc=0x000001fa25ce6382 sp=0x0000008f1faf7150 mode 2
Event: 7.369 Thread 0x000001fa4bc76c10 Uncommon trap: trap_request=0xffffff6e fr.pc=0x000001fa26202b50 relative=0x0000000000000430
Event: 7.369 Thread 0x000001fa4bc76c10 Uncommon trap: reason=loop_limit_check action=maybe_recompile pc=0x000001fa26202b50 method=java.lang.StringLatin1.indexOf([BI[BII)I @ 37 c2
Event: 7.369 Thread 0x000001fa4bc76c10 DEOPT PACKING pc=0x000001fa26202b50 sp=0x0000008f1faf6900
Event: 7.369 Thread 0x000001fa4bc76c10 DEOPT UNPACKING pc=0x000001fa25ce6382 sp=0x0000008f1faf6860 mode 2
Event: 7.379 Thread 0x000001fa4bc76c10 DEOPT PACKING pc=0x000001fa1ee56ce2 sp=0x0000008f1faf6910
Event: 7.379 Thread 0x000001fa4bc76c10 DEOPT UNPACKING pc=0x000001fa25c25722 sp=0x0000008f1faf5d60 mode 0
Event: 7.384 Thread 0x000001fa4bc76c10 DEOPT PACKING pc=0x000001fa1ee3546a sp=0x0000008f1faf6b20
Event: 7.384 Thread 0x000001fa4bc76c10 DEOPT UNPACKING pc=0x000001fa25c25722 sp=0x0000008f1faf6010 mode 0
Event: 7.385 Thread 0x000001fa4bc76c10 DEOPT PACKING pc=0x000001fa1ee56ce2 sp=0x0000008f1faf6910
Event: 7.385 Thread 0x000001fa4bc76c10 DEOPT UNPACKING pc=0x000001fa25c25722 sp=0x0000008f1faf5d60 mode 0
Event: 7.386 Thread 0x000001fa4bc76c10 DEOPT PACKING pc=0x000001fa1ee3546a sp=0x0000008f1faf6b20
Event: 7.386 Thread 0x000001fa4bc76c10 DEOPT UNPACKING pc=0x000001fa25c25722 sp=0x0000008f1faf6010 mode 0
Event: 7.390 Thread 0x000001fa4bc76c10 DEOPT PACKING pc=0x000001fa1ee3546a sp=0x0000008f1faf6b20
Event: 7.390 Thread 0x000001fa4bc76c10 DEOPT UNPACKING pc=0x000001fa25c25722 sp=0x0000008f1faf6010 mode 0

Classes loaded (20 events):
Event: 7.260 Loading class jdk/internal/jimage/ImageReader$Directory
Event: 7.261 Loading class jdk/internal/jimage/ImageReader$Node
Event: 7.262 Loading class jdk/internal/jimage/ImageReader$Node done
Event: 7.262 Loading class jdk/internal/jimage/ImageReader$Directory done
Event: 7.263 Loading class jdk/internal/jrtfs/SystemImage$1
Event: 7.263 Loading class jdk/internal/jrtfs/SystemImage$1 done
Event: 7.263 Loading class jdk/internal/jimage/ImageReader$SharedImageReader$LocationVisitor
Event: 7.264 Loading class jdk/internal/jimage/ImageReader$SharedImageReader$LocationVisitor done
Event: 7.266 Loading class java/nio/ByteBufferAsIntBufferL
Event: 7.266 Loading class java/nio/ByteBufferAsIntBufferL done
Event: 7.268 Loading class jdk/internal/jrtfs/JrtFileAttributes
Event: 7.269 Loading class jdk/internal/jrtfs/JrtFileAttributes done
Event: 7.269 Loading class jdk/internal/jrtfs/JrtDirectoryStream
Event: 7.270 Loading class jdk/internal/jrtfs/JrtDirectoryStream done
Event: 7.271 Loading class jdk/internal/jrtfs/JrtDirectoryStream$1
Event: 7.272 Loading class jdk/internal/jrtfs/JrtDirectoryStream$1 done
Event: 7.272 Loading class java/util/function/BooleanSupplier
Event: 7.273 Loading class java/util/function/BooleanSupplier done
Event: 7.279 Loading class jdk/internal/jimage/ImageReader$Resource
Event: 7.279 Loading class jdk/internal/jimage/ImageReader$Resource done

Classes unloaded (0 events):
No events

Classes redefined (0 events):
No events

Internal exceptions (20 events):
Event: 5.574 Thread 0x000001fa4bc76c10 Exception <a 'java/lang/NoSuchMethodError'{0x00000000ec32c930}: static Lorg/gradle/tooling/internal/consumer/versioning/VersionDetails$R51VersionDetails;.<clinit>()V> (0x00000000ec32c930) 
thrown [s\open\src\hotspot\share\prims\jni.cpp, line 1108]
Event: 6.182 Thread 0x000001fa4bc76c10 Exception <a 'java/lang/NoSuchMethodError'{0x00000000eb8bbb30}: 'void java.lang.invoke.DirectMethodHandle$Holder.invokeInterface(java.lang.Object, java.lang.Object, java.lang.Object, java.lang.Object, java.lang.Object)'> (0x00000000eb8bbb30) 
thrown [s\open\src\hotspot\share\interpreter\linkResolver.cpp, line 805]
Event: 6.187 Thread 0x000001fa4bc76c10 Exception <a 'java/lang/NoSuchMethodError'{0x00000000eb710088}: 'void java.lang.invoke.DirectMethodHandle$Holder.invokeStatic(java.lang.Object, java.lang.Object, java.lang.Object, java.lang.Object, java.lang.Object, java.lang.Object)'> (0x00000000eb710088) 
thrown [s\open\src\hotspot\share\interpreter\linkResolver.cpp, line 805]
Event: 6.382 Thread 0x000001fa4bc76c10 Exception <a 'java/lang/IncompatibleClassChangeError'{0x00000000eb0d92c8}: Found class java.lang.Object, but interface was expected> (0x00000000eb0d92c8) 
thrown [s\open\src\hotspot\share\interpreter\linkResolver.cpp, line 872]
Event: 6.466 Thread 0x000001fa4bc76c10 Exception <a 'java/lang/NoSuchMethodError'{0x00000000eae7ce40}: 'java.lang.Object java.lang.invoke.DirectMethodHandle$Holder.invokeVirtual(java.lang.Object, java.lang.Object, int)'> (0x00000000eae7ce40) 
thrown [s\open\src\hotspot\share\interpreter\linkResolver.cpp, line 805]
Event: 6.477 Thread 0x000001fa4bc76c10 Exception <a 'java/lang/NoSuchMethodError'{0x00000000eaedf8a8}: 'void java.lang.invoke.DirectMethodHandle$Holder.invokeStatic(java.lang.Object, java.lang.Object, java.lang.Object, int)'> (0x00000000eaedf8a8) 
thrown [s\open\src\hotspot\share\interpreter\linkResolver.cpp, line 805]
Event: 6.553 Thread 0x000001fa4bc76c10 Exception <a 'java/lang/NoSuchMethodError'{0x00000000eaa253d0}: 'void java.lang.invoke.DirectMethodHandle$Holder.invokeInterface(java.lang.Object, java.lang.Object, java.lang.Object, java.lang.Object, java.lang.Object, java.lang.Object, java.lang.Object)'> (0x00000000eaa253d0) 
thrown [s\open\src\hotspot\share\interpreter\linkResolver.cpp, line 805]
Event: 6.554 Thread 0x000001fa4bc76c10 Exception <a 'java/lang/NoSuchMethodError'{0x00000000eaa2ef20}: 'void java.lang.invoke.DelegatingMethodHandle$Holder.reinvoke_L(java.lang.Object, java.lang.Object, java.lang.Object, java.lang.Object, java.lang.Object, java.lang.Object, java.lang.Object)'> (0x00000000eaa2ef20) 
thrown [s\open\src\hotspot\share\interpreter\linkResolver.cpp, line 805]
Event: 6.604 Thread 0x000001fa4bc76c10 Exception <a 'java/lang/NoSuchMethodError'{0x00000000ea838000}: 'java.lang.Object java.lang.invoke.DirectMethodHandle$Holder.invokeStaticInit(java.lang.Object, java.lang.Object, java.lang.Object, java.lang.Object, java.lang.Object, java.lang.Object, java.lang.Object)'> (0x00000000ea838000) 
thrown [s\open\src\hotspot\share\interpreter\linkResolver.cpp, line 805]
Event: 6.609 Thread 0x000001fa4bc76c10 Exception <a 'java/lang/NoSuchMethodError'{0x00000000ea861b88}: 'java.lang.Object java.lang.invoke.DirectMethodHandle$Holder.invokeSpecial(java.lang.Object, java.lang.Object, java.lang.Object, int, java.lang.Object, java.lang.Object)'> (0x00000000ea861b88) 
thrown [s\open\src\hotspot\share\interpreter\linkResolver.cpp, line 805]
Event: 6.739 Thread 0x000001fa4bc76c10 Exception <a 'java/lang/NoSuchMethodError'{0x00000000ea3f33b8}: 'java.lang.Object java.lang.invoke.DirectMethodHandle$Holder.invokeStaticInit(java.lang.Object, java.lang.Object, java.lang.Object)'> (0x00000000ea3f33b8) 
thrown [s\open\src\hotspot\share\interpreter\linkResolver.cpp, line 805]
Event: 6.764 Thread 0x000001fa4bc76c10 Exception <a 'java/lang/NoSuchMethodError'{0x00000000ea110e88}: 'void java.lang.invoke.DirectMethodHandle$Holder.invokeStaticInit(java.lang.Object, java.lang.Object, java.lang.Object)'> (0x00000000ea110e88) 
thrown [s\open\src\hotspot\share\interpreter\linkResolver.cpp, line 805]
Event: 6.767 Thread 0x000001fa4bc76c10 Exception <a 'java/lang/NoSuchMethodError'{0x00000000ea1447e8}: 'void java.lang.invoke.DirectMethodHandle$Holder.invokeStaticInit(java.lang.Object, java.lang.Object, java.lang.Object, java.lang.Object, java.lang.Object)'> (0x00000000ea1447e8) 
thrown [s\open\src\hotspot\share\interpreter\linkResolver.cpp, line 805]
Event: 7.023 Thread 0x000001fa4bc76c10 Exception <a 'java/lang/ClassNotFoundException'{0x00000000e97fd1d0}: groovy/lang/ExpandoMetaClassBeanInfo> (0x00000000e97fd1d0) 
thrown [s\open\src\hotspot\share\classfile\systemDictionary.cpp, line 327]
Event: 7.023 Thread 0x000001fa4bc76c10 Exception <a 'java/lang/ClassNotFoundException'{0x00000000e9607420}: groovy/lang/MetaClassImplBeanInfo> (0x00000000e9607420) 
thrown [s\open\src\hotspot\share\classfile\systemDictionary.cpp, line 327]
Event: 7.023 Thread 0x000001fa4bc76c10 Exception <a 'java/lang/ClassNotFoundException'{0x00000000e960cf18}: java/lang/ObjectBeanInfo> (0x00000000e960cf18) 
thrown [s\open\src\hotspot\share\classfile\systemDictionary.cpp, line 327]
Event: 7.024 Thread 0x000001fa4bc76c10 Exception <a 'java/lang/ClassNotFoundException'{0x00000000e9613c28}: java/lang/ObjectCustomizer> (0x00000000e9613c28) 
thrown [s\open\src\hotspot\share\classfile\systemDictionary.cpp, line 327]
Event: 7.029 Thread 0x000001fa4bc76c10 Exception <a 'java/lang/IncompatibleClassChangeError'{0x00000000e9623f90}: Found class java.lang.Object, but interface was expected> (0x00000000e9623f90) 
thrown [s\open\src\hotspot\share\interpreter\linkResolver.cpp, line 872]
Event: 7.034 Thread 0x000001fa4bc76c10 Exception <a 'java/lang/ClassNotFoundException'{0x00000000e96503c8}: groovy/lang/MetaClassImplCustomizer> (0x00000000e96503c8) 
thrown [s\open\src\hotspot\share\classfile\systemDictionary.cpp, line 327]
Event: 7.036 Thread 0x000001fa4bc76c10 Exception <a 'java/lang/ClassNotFoundException'{0x00000000e9679910}: groovy/lang/ExpandoMetaClassCustomizer> (0x00000000e9679910) 
thrown [s\open\src\hotspot\share\classfile\systemDictionary.cpp, line 327]

VM Operations (20 events):
Event: 6.389 Executing VM operation: HandshakeAllThreads (Deoptimize)
Event: 6.389 Executing VM operation: HandshakeAllThreads (Deoptimize) done
Event: 6.558 Executing VM operation: HandshakeAllThreads (Deoptimize)
Event: 6.558 Executing VM operation: HandshakeAllThreads (Deoptimize) done
Event: 6.559 Executing VM operation: HandshakeAllThreads (Deoptimize)
Event: 6.559 Executing VM operation: HandshakeAllThreads (Deoptimize) done
Event: 6.887 Executing VM operation: HandshakeAllThreads (Deoptimize)
Event: 6.887 Executing VM operation: HandshakeAllThreads (Deoptimize) done
Event: 6.962 Executing VM operation: HandshakeAllThreads (Deoptimize)
Event: 6.962 Executing VM operation: HandshakeAllThreads (Deoptimize) done
Event: 6.991 Executing VM operation: HandshakeAllThreads (Deoptimize)
Event: 6.991 Executing VM operation: HandshakeAllThreads (Deoptimize) done
Event: 7.096 Executing VM operation: HandshakeAllThreads (Deoptimize)
Event: 7.096 Executing VM operation: HandshakeAllThreads (Deoptimize) done
Event: 7.100 Executing VM operation: HandshakeAllThreads (Deoptimize)
Event: 7.100 Executing VM operation: HandshakeAllThreads (Deoptimize) done
Event: 7.109 Executing VM operation: HandshakeAllThreads (Deoptimize)
Event: 7.109 Executing VM operation: HandshakeAllThreads (Deoptimize) done
Event: 7.268 Executing VM operation: HandshakeAllThreads (Deoptimize)
Event: 7.268 Executing VM operation: HandshakeAllThreads (Deoptimize) done

Memory protections (0 events):
No events

Nmethod flushes (0 events):
No events

Events (20 events):
Event: 2.833 Thread 0x000001fa4bec8010 Thread added: 0x000001fa4bc76c10
Event: 2.845 Thread 0x000001fa4bc76c10 Thread added: 0x000001fa4bc764c0
Event: 2.869 Thread 0x000001fa4bc76c10 Thread added: 0x000001fa4bc75620
Event: 2.871 Thread 0x000001fa4bc76c10 Thread added: 0x000001fa4bc77360
Event: 3.401 Thread 0x000001fa4bc76c10 Thread added: 0x000001fa4bc78200
Event: 3.421 Thread 0x000001fa4bc76c10 Thread added: 0x000001fa4bc75d70
Event: 3.461 Thread 0x000001fa4bc76c10 Thread added: 0x000001fa4c657370
Event: 4.897 Thread 0x000001fa4bc76c10 Thread added: 0x000001fa4c651bb0
Event: 4.913 Thread 0x000001fa4bc76c10 Thread added: 0x000001fa4c654790
Event: 5.235 Thread 0x000001fa4bc76c10 Thread added: 0x000001fa4c654ee0
Event: 5.243 Thread 0x000001fa4bc76c10 Thread added: 0x000001fa4c654040
Event: 5.351 Thread 0x000001fa4bc76c10 Thread added: 0x000001fa4c652a50
Event: 5.351 Thread 0x000001fa4bc76c10 Thread added: 0x000001fa4c651460
Event: 5.351 Thread 0x000001fa4bc76c10 Thread added: 0x000001fa4c658210
Event: 5.351 Thread 0x000001fa4bc76c10 Thread added: 0x000001fa4c6564d0
Event: 5.351 Thread 0x000001fa4bc76c10 Thread added: 0x000001fa4c655d80
Event: 5.351 Thread 0x000001fa4bc76c10 Thread added: 0x000001fa4c655630
Event: 5.352 Thread 0x000001fa4bc76c10 Thread added: 0x000001fa4c658960
Event: 5.352 Thread 0x000001fa4bc76c10 Thread added: 0x000001fa4c652300
Event: 6.441 Thread 0x000001fa4bebaa50 Thread exited: 0x000001fa4bebaa50


Dynamic libraries:
0x00007ff651110000 - 0x00007ff65111e000 	C:\Users\Laptop\.jdks\openjdk-24.0.1\bin\java.exe
0x00007ffec6630000 - 0x00007ffec6828000 	C:\WINDOWS\SYSTEM32\ntdll.dll
0x00007ffec5260000 - 0x00007ffec5322000 	C:\WINDOWS\System32\KERNEL32.DLL
0x00007ffec4220000 - 0x00007ffec4516000 	C:\WINDOWS\System32\KERNELBASE.dll
0x00007ffec4020000 - 0x00007ffec4120000 	C:\WINDOWS\System32\ucrtbase.dll
0x00007ffe9f280000 - 0x00007ffe9f29b000 	C:\Users\Laptop\.jdks\openjdk-24.0.1\bin\VCRUNTIME140.dll
0x00007ffe9b050000 - 0x00007ffe9b066000 	C:\Users\Laptop\.jdks\openjdk-24.0.1\bin\jli.dll
0x00007ffec4730000 - 0x00007ffec48d1000 	C:\WINDOWS\System32\USER32.dll
0x00007ffeac610000 - 0x00007ffeac8ab000 	C:\WINDOWS\WinSxS\amd64_microsoft.windows.common-controls_6595b64144ccf1df_6.0.19041.6456_none_60b8a6cb71f64256\COMCTL32.dll
0x00007ffec3f40000 - 0x00007ffec3f62000 	C:\WINDOWS\System32\win32u.dll
0x00007ffec48f0000 - 0x00007ffec498e000 	C:\WINDOWS\System32\msvcrt.dll
0x00007ffec6410000 - 0x00007ffec643b000 	C:\WINDOWS\System32\GDI32.dll
0x00007ffec3e20000 - 0x00007ffec3f39000 	C:\WINDOWS\System32\gdi32full.dll
0x00007ffec4520000 - 0x00007ffec45bd000 	C:\WINDOWS\System32\msvcp_win.dll
0x00007ffec58e0000 - 0x00007ffec590f000 	C:\WINDOWS\System32\IMM32.DLL
0x00007ffeb8a30000 - 0x00007ffeb8a3c000 	C:\Users\Laptop\.jdks\openjdk-24.0.1\bin\vcruntime140_1.dll
0x00007ffe79420000 - 0x00007ffe794ae000 	C:\Users\Laptop\.jdks\openjdk-24.0.1\bin\msvcp140.dll
0x00007ffe20e70000 - 0x00007ffe21c12000 	C:\Users\Laptop\.jdks\openjdk-24.0.1\bin\server\jvm.dll
0x00007ffec5ce0000 - 0x00007ffec5d91000 	C:\WINDOWS\System32\ADVAPI32.dll
0x00007ffec5da0000 - 0x00007ffec5e3f000 	C:\WINDOWS\System32\sechost.dll
0x00007ffec5bc0000 - 0x00007ffec5ce0000 	C:\WINDOWS\System32\RPCRT4.dll
0x00007ffec3f70000 - 0x00007ffec3f97000 	C:\WINDOWS\System32\bcrypt.dll
0x00007ffec5ec0000 - 0x00007ffec5f2b000 	C:\WINDOWS\System32\WS2_32.dll
0x00007ffec36d0000 - 0x00007ffec371b000 	C:\WINDOWS\SYSTEM32\POWRPROF.dll
0x00007ffeac8c0000 - 0x00007ffeac8e7000 	C:\WINDOWS\SYSTEM32\WINMM.dll
0x00007ffeb9480000 - 0x00007ffeb948a000 	C:\WINDOWS\SYSTEM32\VERSION.dll
0x00007ffec36b0000 - 0x00007ffec36c2000 	C:\WINDOWS\SYSTEM32\UMPDC.dll
0x00007ffec2490000 - 0x00007ffec24a2000 	C:\WINDOWS\SYSTEM32\kernel.appcore.dll
0x00007ffeb83e0000 - 0x00007ffeb83ea000 	C:\Users\Laptop\.jdks\openjdk-24.0.1\bin\jimage.dll
0x00007ffebe980000 - 0x00007ffebeb81000 	C:\WINDOWS\SYSTEM32\DBGHELP.DLL
0x00007ffeb7680000 - 0x00007ffeb76b4000 	C:\WINDOWS\SYSTEM32\dbgcore.DLL
0x00007ffec45c0000 - 0x00007ffec4642000 	C:\WINDOWS\System32\bcryptPrimitives.dll
0x00007ffeae770000 - 0x00007ffeae77f000 	C:\Users\Laptop\.jdks\openjdk-24.0.1\bin\instrument.dll
0x00007ffe892a0000 - 0x00007ffe892be000 	C:\Users\Laptop\.jdks\openjdk-24.0.1\bin\java.dll
0x00007ffec5390000 - 0x00007ffec54bb000 	C:\WINDOWS\System32\ole32.dll
0x00007ffec5520000 - 0x00007ffec5874000 	C:\WINDOWS\System32\combase.dll
0x00007ffec4a40000 - 0x00007ffec51b0000 	C:\WINDOWS\System32\SHELL32.dll
0x00007ffebeb90000 - 0x00007ffebf335000 	C:\WINDOWS\SYSTEM32\windows.storage.dll
0x00007ffec3530000 - 0x00007ffec355b000 	C:\WINDOWS\SYSTEM32\Wldp.dll
0x00007ffec5a30000 - 0x00007ffec5afd000 	C:\WINDOWS\System32\OLEAUT32.dll
0x00007ffec4990000 - 0x00007ffec4a3d000 	C:\WINDOWS\System32\SHCORE.dll
0x00007ffec63a0000 - 0x00007ffec63fb000 	C:\WINDOWS\System32\shlwapi.dll
0x00007ffec3bf0000 - 0x00007ffec3c14000 	C:\WINDOWS\SYSTEM32\profapi.dll
0x00007ffe768b0000 - 0x00007ffe76987000 	C:\Users\Laptop\.jdks\openjdk-24.0.1\bin\jsvml.dll
0x00007ffe87df0000 - 0x00007ffe87e07000 	C:\Users\Laptop\.jdks\openjdk-24.0.1\bin\zip.dll
0x00007ffeae420000 - 0x00007ffeae430000 	C:\Users\Laptop\.jdks\openjdk-24.0.1\bin\net.dll
0x00007ffec3310000 - 0x00007ffec337a000 	C:\WINDOWS\system32\mswsock.dll
0x00007ffe87ad0000 - 0x00007ffe87ae6000 	C:\Users\Laptop\.jdks\openjdk-24.0.1\bin\nio.dll
0x00007ffeae360000 - 0x00007ffeae370000 	C:\Users\Laptop\.jdks\openjdk-24.0.1\bin\verify.dll
0x00007ffeadc90000 - 0x00007ffeadcb7000 	C:\Users\Laptop\.gradle\native\1def1411415f61bf3af743bc5b6707747c0891f09f0c88961ee8f79bc544acac\windows-amd64\native-platform.dll
0x00007ffe793a0000 - 0x00007ffe79418000 	C:\Users\Laptop\.gradle\native\0.2.7\x86_64-windows-gnu\gradle-fileevents.dll
0x00007ffeadf30000 - 0x00007ffeadf3a000 	C:\Users\Laptop\.jdks\openjdk-24.0.1\bin\management.dll
0x00007ffeadf00000 - 0x00007ffeadf0b000 	C:\Users\Laptop\.jdks\openjdk-24.0.1\bin\management_ext.dll
0x00007ffec6400000 - 0x00007ffec6408000 	C:\WINDOWS\System32\PSAPI.DLL
0x00007ffec3010000 - 0x00007ffec304b000 	C:\WINDOWS\SYSTEM32\IPHLPAPI.DLL
0x00007ffec48e0000 - 0x00007ffec48e8000 	C:\WINDOWS\System32\NSI.dll
0x00007ffeadda0000 - 0x00007ffeadda9000 	C:\Users\Laptop\.jdks\openjdk-24.0.1\bin\extnet.dll
0x00007ffec3570000 - 0x00007ffec3588000 	C:\WINDOWS\SYSTEM32\CRYPTSP.dll
0x00007ffec2c50000 - 0x00007ffec2c88000 	C:\WINDOWS\system32\rsaenh.dll
0x00007ffec3b70000 - 0x00007ffec3b9e000 	C:\WINDOWS\SYSTEM32\USERENV.dll
0x00007ffec34a0000 - 0x00007ffec34ac000 	C:\WINDOWS\SYSTEM32\CRYPTBASE.dll
0x00007ffeadaf0000 - 0x00007ffeadafe000 	C:\Users\Laptop\.jdks\openjdk-24.0.1\bin\sunmscapi.dll
0x00007ffec3cc0000 - 0x00007ffec3e1d000 	C:\WINDOWS\System32\CRYPT32.dll
0x00007ffec3760000 - 0x00007ffec3787000 	C:\WINDOWS\SYSTEM32\ncrypt.dll
0x00007ffec3720000 - 0x00007ffec375b000 	C:\WINDOWS\SYSTEM32\NTASN1.dll
0x00007ffe89320000 - 0x00007ffe89327000 	C:\WINDOWS\system32\wshunix.dll

JVMTI agents:
C:\Users\Laptop\.gradle\wrapper\dists\gradle-8.14.3-bin\cv11ve7ro1n3o1j4so8xd9n66\gradle-8.14.3\lib\agents\gradle-instrumentation-agent-8.14.3.jar path:C:\Users\Laptop\.jdks\openjdk-24.0.1\bin\instrument.dll, loaded, initialized, instrumentlib options:none

dbghelp: loaded successfully - version: 4.0.5 - missing functions: none
symbol engine: initialized successfully - sym options: 0x614 - pdb path: .;C:\Users\Laptop\.jdks\openjdk-24.0.1\bin;C:\WINDOWS\SYSTEM32;C:\WINDOWS\WinSxS\amd64_microsoft.windows.common-controls_6595b64144ccf1df_6.0.19041.6456_none_60b8a6cb71f64256;C:\Users\Laptop\.jdks\openjdk-24.0.1\bin\server;C:\Users\Laptop\.gradle\native\1def1411415f61bf3af743bc5b6707747c0891f09f0c88961ee8f79bc544acac\windows-amd64;C:\Users\Laptop\.gradle\native\0.2.7\x86_64-windows-gnu

VM Arguments:
jvm_args: --add-opens=java.base/java.lang=ALL-UNNAMED --add-opens=java.base/java.lang.invoke=ALL-UNNAMED --add-opens=java.base/java.util=ALL-UNNAMED --add-opens=java.prefs/java.util.prefs=ALL-UNNAMED --add-exports=jdk.compiler/com.sun.tools.javac.api=ALL-UNNAMED --add-exports=jdk.compiler/com.sun.tools.javac.util=ALL-UNNAMED --add-opens=java.base/java.util=ALL-UNNAMED --add-opens=java.prefs/java.util.prefs=ALL-UNNAMED --add-opens=java.base/java.nio.charset=ALL-UNNAMED --add-opens=java.base/java.net=ALL-UNNAMED --add-opens=java.base/java.util.concurrent.atomic=ALL-UNNAMED --add-opens=java.xml/javax.xml.namespace=ALL-UNNAMED --enable-native-access=ALL-UNNAMED -XX:MaxMetaspaceSize=384m -XX:+HeapDumpOnOutOfMemoryError -Xms256m -Xmx512m -Dfile.encoding=UTF-8 -Duser.country=PE -Duser.language=es -Duser.variant -javaagent:C:\Users\Laptop\.gradle\wrapper\dists\gradle-8.14.3-bin\cv11ve7ro1n3o1j4so8xd9n66\gradle-8.14.3\lib\agents\gradle-instrumentation-agent-8.14.3.jar 
java_command: org.gradle.launcher.daemon.bootstrap.GradleDaemon 8.14.3
java_class_path (initial): C:\Users\Laptop\.gradle\wrapper\dists\gradle-8.14.3-bin\cv11ve7ro1n3o1j4so8xd9n66\gradle-8.14.3\lib\gradle-daemon-main-8.14.3.jar
Launcher Type: SUN_STANDARD

[Global flags]
     intx CICompilerCount                          = 4                                         {product} {ergonomic}
   size_t CompressedClassSpaceSize                 = 335544320                                 {product} {ergonomic}
     uint ConcGCThreads                            = 2                                         {product} {ergonomic}
     uint G1ConcRefinementThreads                  = 8                                         {product} {ergonomic}
   size_t G1HeapRegionSize                         = 1048576                                   {product} {ergonomic}
     bool HeapDumpOnOutOfMemoryError               = true                                   {manageable} {command line}
   size_t InitialHeapSize                          = 268435456                                 {product} {command line}
   size_t MarkStackSize                            = 4194304                                   {product} {ergonomic}
   size_t MarkStackSizeMax                         = 536870912                                 {product} {ergonomic}
   size_t MaxHeapSize                              = 536870912                                 {product} {command line}
   size_t MaxMetaspaceSize                         = 402653184                                 {product} {command line}
   size_t MaxNewSize                               = 321912832                                 {product} {ergonomic}
   size_t MinHeapDeltaBytes                        = 1048576                                   {product} {ergonomic}
   size_t MinHeapSize                              = 268435456                                 {product} {command line}
    uintx NonNMethodCodeHeapSize                   = 5832704                                {pd product} {ergonomic}
    uintx NonProfiledCodeHeapSize                  = 122945536                              {pd product} {ergonomic}
    uintx ProfiledCodeHeapSize                     = 122880000                              {pd product} {ergonomic}
    uintx ReservedCodeCacheSize                    = 251658240                              {pd product} {ergonomic}
     bool SegmentedCodeCache                       = true                                      {product} {ergonomic}
   size_t SoftMaxHeapSize                          = 536870912                              {manageable} {ergonomic}
     bool UseCompressedOops                        = true                           {product lp64_product} {ergonomic}
     bool UseG1GC                                  = true                                      {product} {ergonomic}
     bool UseLargePagesIndividualAllocation        = false                                  {pd product} {ergonomic}

Logging:
Log output configuration:
 #0: stdout all=warning uptime,level,tags foldmultilines=false
 #1: stderr all=off uptime,level,tags foldmultilines=false

Environment Variables:
PATH=C:\Program Files (x86)\Common Files\Oracle\Java\java8path;C:\Program Files (x86)\Common Files\Oracle\Java\javapath;C:\Program Files (x86)\VMware\VMware Workstation\bin\;c:\Users\Laptop\AppData\Local\Programs\cursor\resources\app\bin;C:\Oracle\bin;C:\WINDOWS\system32;C:\WINDOWS;C:\WINDOWS\System32\Wbem;C:\WINDOWS\System32\WindowsPowerShell\v1.0\;C:\WINDOWS\System32\OpenSSH\;C:\Program Files\Git\cmd;C:\ProgramData\chocolatey\bin;C:\Users\Laptop\AppData\Local\Microsoft\WindowsApps;C:\Users\Laptop\AppData\Roaming\npm;c:\Users\Laptop\AppData\Local\Programs\cursor\resources\app\bin;C:\Program Files\dotnet\;C:\Users\Laptop\AppData\Local\Android\Sdk\platform-tools;C:\Program Files\nodejs\;C:\Users\Laptop\AppData\Local\Microsoft\WindowsApps;C:\Users\Laptop\AppData\Local\Programs\Microsoft VS Code\bin;C:\Users\Laptop\.lmstudio\bin;C:\Users\Laptop\AppData\Local\Android\Sdk\platform-tools;C:\flutter\bin;;C:\tools\dart-sdk\bin;C:\Users\Laptop\AppData\Local\Pub\Cache\bin;C:\Users\Laptop\AppData\Local\Programs\Kiro\bin;D:\IntelliJ IDEA 2025.2.4\bin;C:\Users\Laptop\AppData\Local\Programs\Antigravity\bin;C:\Users\Laptop\AppData\Roaming\npm
USERNAME=Laptop
OS=Windows_NT
PROCESSOR_IDENTIFIER=Intel64 Family 6 Model 142 Stepping 12, GenuineIntel
TMP=C:\Users\Laptop\AppData\Local\Temp
TEMP=C:\Users\Laptop\AppData\Local\Temp




Periodic native trim disabled

---------------  S Y S T E M  ---------------

OS:
 Windows 10 , 64 bit Build 19041 (10.0.19041.5915)
OS uptime: 0 days 22:16 hours
Hyper-V role detected

CPU: total 8 (initial active 8) (4 cores per cpu, 2 threads per core) family 6 model 142 stepping 12 microcode 0xfc, cx8, cmov, fxsr, ht, mmx, 3dnowpref, sse, sse2, sse3, ssse3, sse4.1, sse4.2, popcnt, lzcnt, tsc, tscinvbit, avx, avx2, aes, erms, clmul, bmi1, bmi2, adx, fma, vzeroupper, clflush, clflushopt, hv, rdtscp, f16c
Processor Information for the first 8 processors :
  Max Mhz: 2112, Current Mhz: 1910, Mhz Limit: 1900

Memory: 4k page, system-wide physical 8006M (384M free)
TotalPageFile size 16198M (AvailPageFile size 11M)
current process WorkingSet (physical memory assigned to process): 318M, peak: 318M
current process commit charge ("private bytes"): 451M, peak: 468M

vm_info: OpenJDK 64-Bit Server VM (24.0.1+9-30) for windows-amd64 JRE (24.0.1+9-30), built on 2025-03-05T07:23:45Z with MS VC++ 17.6 (VS2022)

END.
